Determining if the system is big endian passed with the following output:
Change Dir: /home/samuel/cnerg/SetupScripts/MOAB/bld/CMakeFiles/CMakeTmp

Run Build Command:"/usr/bin/make" "cmTC_f235c/fast"
/usr/bin/make -f CMakeFiles/cmTC_f235c.dir/build.make CMakeFiles/cmTC_f235c.dir/build
make[1]: Entering directory '/home/samuel/cnerg/SetupScripts/MOAB/bld/CMakeFiles/CMakeTmp'
Building C object CMakeFiles/cmTC_f235c.dir/TestEndianess.c.o
/usr/bin/cc     -o CMakeFiles/cmTC_f235c.dir/TestEndianess.c.o   -c /home/samuel/cnerg/SetupScripts/MOAB/bld/CMakeFiles/CMakeTmp/TestEndianess.c
Linking C executable cmTC_f235c
/usr/bin/cmake -E cmake_link_script CMakeFiles/cmTC_f235c.dir/link.txt --verbose=1
/usr/bin/cc       CMakeFiles/cmTC_f235c.dir/TestEndianess.c.o  -o cmTC_f235c -rdynamic 
make[1]: Leaving directory '/home/samuel/cnerg/SetupScripts/MOAB/bld/CMakeFiles/CMakeTmp'

TestEndianess.c:
/* A 16 bit integer is required. */
typedef unsigned short cmakeint16;

/* On a little endian machine, these 16bit ints will give "THIS IS LITTLE ENDIAN."
   On a big endian machine the characters will be exchanged pairwise. */
const cmakeint16 info_little[] =  {0x4854, 0x5349, 0x4920, 0x2053, 0x494c, 0x5454, 0x454c, 0x4520, 0x444e, 0x4149, 0x2e4e, 0x0000};

/* on a big endian machine, these 16bit ints will give "THIS IS BIG ENDIAN."
   On a little endian machine the characters will be exchanged pairwise. */
const cmakeint16 info_big[] =     {0x5448, 0x4953, 0x2049, 0x5320, 0x4249, 0x4720, 0x454e, 0x4449, 0x414e, 0x2e2e, 0x0000};

#ifdef __CLASSIC_C__
int main(argc, argv) int argc; char *argv[];
#else
int main(int argc, char *argv[])
#endif
{
  int require = 0;
  require += info_little[argc];
  require += info_big[argc];
  (void)argv;
  return require;
}


Determining if the function std::isfinite exists failed with the following output:
Change Dir: /home/samuel/cnerg/SetupScripts/MOAB/bld/CMakeFiles/CMakeTmp

Run Build Command:"/usr/bin/make" "cmTC_827ba/fast"
/usr/bin/make -f CMakeFiles/cmTC_827ba.dir/build.make CMakeFiles/cmTC_827ba.dir/build
make[1]: Entering directory '/home/samuel/cnerg/SetupScripts/MOAB/bld/CMakeFiles/CMakeTmp'
Building C object CMakeFiles/cmTC_827ba.dir/CheckFunctionExists.c.o
/usr/bin/cc    -DCHECK_FUNCTION_EXISTS=std::isfinite   -o CMakeFiles/cmTC_827ba.dir/CheckFunctionExists.c.o   -c /usr/share/cmake-3.5/Modules/CheckFunctionExists.c
<command-line>:0:26: error: expected ‘=’, ‘,’, ‘;’, ‘asm’ or ‘__attribute__’ before ‘:’ token
/usr/share/cmake-3.5/Modules/CheckFunctionExists.c:6:6: note: in expansion of macro ‘CHECK_FUNCTION_EXISTS’
 char CHECK_FUNCTION_EXISTS();
      ^
/usr/share/cmake-3.5/Modules/CheckFunctionExists.c: In function ‘main’:
<command-line>:0:27: error: expected expression before ‘:’ token
/usr/share/cmake-3.5/Modules/CheckFunctionExists.c:14:3: note: in expansion of macro ‘CHECK_FUNCTION_EXISTS’
   CHECK_FUNCTION_EXISTS();
   ^
CMakeFiles/cmTC_827ba.dir/build.make:65: recipe for target 'CMakeFiles/cmTC_827ba.dir/CheckFunctionExists.c.o' failed
make[1]: *** [CMakeFiles/cmTC_827ba.dir/CheckFunctionExists.c.o] Error 1
make[1]: Leaving directory '/home/samuel/cnerg/SetupScripts/MOAB/bld/CMakeFiles/CMakeTmp'
Makefile:126: recipe for target 'cmTC_827ba/fast' failed
make: *** [cmTC_827ba/fast] Error 2


Determining if the function isfinite exists failed with the following output:
Change Dir: /home/samuel/cnerg/SetupScripts/MOAB/bld/CMakeFiles/CMakeTmp

Run Build Command:"/usr/bin/make" "cmTC_7e5b8/fast"
/usr/bin/make -f CMakeFiles/cmTC_7e5b8.dir/build.make CMakeFiles/cmTC_7e5b8.dir/build
make[1]: Entering directory '/home/samuel/cnerg/SetupScripts/MOAB/bld/CMakeFiles/CMakeTmp'
Building C object CMakeFiles/cmTC_7e5b8.dir/CheckFunctionExists.c.o
/usr/bin/cc    -DCHECK_FUNCTION_EXISTS=isfinite   -o CMakeFiles/cmTC_7e5b8.dir/CheckFunctionExists.c.o   -c /usr/share/cmake-3.5/Modules/CheckFunctionExists.c
Linking C executable cmTC_7e5b8
/usr/bin/cmake -E cmake_link_script CMakeFiles/cmTC_7e5b8.dir/link.txt --verbose=1
/usr/bin/cc   -DCHECK_FUNCTION_EXISTS=isfinite    CMakeFiles/cmTC_7e5b8.dir/CheckFunctionExists.c.o  -o cmTC_7e5b8 -rdynamic 
CMakeFiles/cmTC_7e5b8.dir/CheckFunctionExists.c.o: In function `main':
CheckFunctionExists.c:(.text+0x15): undefined reference to `isfinite'
collect2: error: ld returned 1 exit status
CMakeFiles/cmTC_7e5b8.dir/build.make:97: recipe for target 'cmTC_7e5b8' failed
make[1]: *** [cmTC_7e5b8] Error 1
make[1]: Leaving directory '/home/samuel/cnerg/SetupScripts/MOAB/bld/CMakeFiles/CMakeTmp'
Makefile:126: recipe for target 'cmTC_7e5b8/fast' failed
make: *** [cmTC_7e5b8/fast] Error 2


Determining if the function H5Pset_fapl_mpio exists failed with the following output:
Change Dir: /home/samuel/cnerg/SetupScripts/MOAB/bld/CMakeFiles/CMakeTmp

Run Build Command:"/usr/bin/make" "cmTC_312ab/fast"
/usr/bin/make -f CMakeFiles/cmTC_312ab.dir/build.make CMakeFiles/cmTC_312ab.dir/build
make[1]: Entering directory '/home/samuel/cnerg/SetupScripts/MOAB/bld/CMakeFiles/CMakeTmp'
Building C object CMakeFiles/cmTC_312ab.dir/CheckFunctionExists.c.o
/usr/bin/cc    -pedantic -fpic -Wall -pipe -Wno-long-long -Wextra -Wno-cast-align -Wsign-compare -Wpointer-arith -Wformat -Wformat-security -Wunused-parameter -fstack-protector-all -mtune=native -DCHECK_FUNCTION_EXISTS=H5Pset_fapl_mpio   -o CMakeFiles/cmTC_312ab.dir/CheckFunctionExists.c.o   -c /usr/share/cmake-3.5/Modules/CheckFunctionExists.c
Linking C executable cmTC_312ab
/usr/bin/cmake -E cmake_link_script CMakeFiles/cmTC_312ab.dir/link.txt --verbose=1
/usr/bin/cc   -pedantic -fpic -Wall -pipe -Wno-long-long -Wextra -Wno-cast-align -Wsign-compare -Wpointer-arith -Wformat -Wformat-security -Wunused-parameter -fstack-protector-all -mtune=native -DCHECK_FUNCTION_EXISTS=H5Pset_fapl_mpio    CMakeFiles/cmTC_312ab.dir/CheckFunctionExists.c.o  -o cmTC_312ab -rdynamic 
CMakeFiles/cmTC_312ab.dir/CheckFunctionExists.c.o: In function `main':
CheckFunctionExists.c:(.text+0x24): undefined reference to `H5Pset_fapl_mpio'
collect2: error: ld returned 1 exit status
CMakeFiles/cmTC_312ab.dir/build.make:97: recipe for target 'cmTC_312ab' failed
make[1]: *** [cmTC_312ab] Error 1
make[1]: Leaving directory '/home/samuel/cnerg/SetupScripts/MOAB/bld/CMakeFiles/CMakeTmp'
Makefile:126: recipe for target 'cmTC_312ab/fast' failed
make: *** [cmTC_312ab/fast] Error 2


