The system is: Linux - 4.15.0-24-generic - x86_64
Compiling the C compiler identification source file "CMakeCCompilerId.c" succeeded.
Compiler: /usr/bin/cc 
Build flags: 
Id flags: 

The output was:
0


Compilation of the C compiler identification source "CMakeCCompilerId.c" produced "a.out"

The C compiler identification is GNU, found in "/home/samuel/cnerg/SetupScripts/MOAB/bld/CMakeFiles/3.5.1/CompilerIdC/a.out"

Compiling the CXX compiler identification source file "CMakeCXXCompilerId.cpp" succeeded.
Compiler: /usr/bin/c++ 
Build flags: 
Id flags: 

The output was:
0


Compilation of the CXX compiler identification source "CMakeCXXCompilerId.cpp" produced "a.out"

The CXX compiler identification is GNU, found in "/home/samuel/cnerg/SetupScripts/MOAB/bld/CMakeFiles/3.5.1/CompilerIdCXX/a.out"

Determining if the C compiler works passed with the following output:
Change Dir: /home/samuel/cnerg/SetupScripts/MOAB/bld/CMakeFiles/CMakeTmp

Run Build Command:"/usr/bin/make" "cmTC_a0736/fast"
/usr/bin/make -f CMakeFiles/cmTC_a0736.dir/build.make CMakeFiles/cmTC_a0736.dir/build
make[1]: Entering directory '/home/samuel/cnerg/SetupScripts/MOAB/bld/CMakeFiles/CMakeTmp'
Building C object CMakeFiles/cmTC_a0736.dir/testCCompiler.c.o
/usr/bin/cc     -o CMakeFiles/cmTC_a0736.dir/testCCompiler.c.o   -c /home/samuel/cnerg/SetupScripts/MOAB/bld/CMakeFiles/CMakeTmp/testCCompiler.c
Linking C executable cmTC_a0736
/usr/bin/cmake -E cmake_link_script CMakeFiles/cmTC_a0736.dir/link.txt --verbose=1
/usr/bin/cc       CMakeFiles/cmTC_a0736.dir/testCCompiler.c.o  -o cmTC_a0736 -rdynamic 
make[1]: Leaving directory '/home/samuel/cnerg/SetupScripts/MOAB/bld/CMakeFiles/CMakeTmp'


Detecting C compiler ABI info compiled with the following output:
Change Dir: /home/samuel/cnerg/SetupScripts/MOAB/bld/CMakeFiles/CMakeTmp

Run Build Command:"/usr/bin/make" "cmTC_b218d/fast"
/usr/bin/make -f CMakeFiles/cmTC_b218d.dir/build.make CMakeFiles/cmTC_b218d.dir/build
make[1]: Entering directory '/home/samuel/cnerg/SetupScripts/MOAB/bld/CMakeFiles/CMakeTmp'
Building C object CMakeFiles/cmTC_b218d.dir/CMakeCCompilerABI.c.o
/usr/bin/cc     -o CMakeFiles/cmTC_b218d.dir/CMakeCCompilerABI.c.o   -c /usr/share/cmake-3.5/Modules/CMakeCCompilerABI.c
Linking C executable cmTC_b218d
/usr/bin/cmake -E cmake_link_script CMakeFiles/cmTC_b218d.dir/link.txt --verbose=1
/usr/bin/cc      -v CMakeFiles/cmTC_b218d.dir/CMakeCCompilerABI.c.o  -o cmTC_b218d -rdynamic  
Using built-in specs.
COLLECT_GCC=/usr/bin/cc
COLLECT_LTO_WRAPPER=/usr/lib/gcc/x86_64-linux-gnu/5/lto-wrapper
Target: x86_64-linux-gnu
Configured with: ../src/configure -v --with-pkgversion='Ubuntu 5.4.0-6ubuntu1~16.04.10' --with-bugurl=file:///usr/share/doc/gcc-5/README.Bugs --enable-languages=c,ada,c++,java,go,d,fortran,objc,obj-c++ --prefix=/usr --program-suffix=-5 --enable-shared --enable-linker-build-id --libexecdir=/usr/lib --without-included-gettext --enable-threads=posix --libdir=/usr/lib --enable-nls --with-sysroot=/ --enable-clocale=gnu --enable-libstdcxx-debug --enable-libstdcxx-time=yes --with-default-libstdcxx-abi=new --enable-gnu-unique-object --disable-vtable-verify --enable-libmpx --enable-plugin --with-system-zlib --disable-browser-plugin --enable-java-awt=gtk --enable-gtk-cairo --with-java-home=/usr/lib/jvm/java-1.5.0-gcj-5-amd64/jre --enable-java-home --with-jvm-root-dir=/usr/lib/jvm/java-1.5.0-gcj-5-amd64 --with-jvm-jar-dir=/usr/lib/jvm-exports/java-1.5.0-gcj-5-amd64 --with-arch-directory=amd64 --with-ecj-jar=/usr/share/java/eclipse-ecj.jar --enable-objc-gc --enable-multiarch --disable-werror --with-arch-32=i686 --with-abi=m64 --with-multilib-list=m32,m64,mx32 --enable-multilib --with-tune=generic --enable-checking=release --build=x86_64-linux-gnu --host=x86_64-linux-gnu --target=x86_64-linux-gnu
Thread model: posix
gcc version 5.4.0 20160609 (Ubuntu 5.4.0-6ubuntu1~16.04.10) 
COMPILER_PATH=/usr/lib/gcc/x86_64-linux-gnu/5/:/usr/lib/gcc/x86_64-linux-gnu/5/:/usr/lib/gcc/x86_64-linux-gnu/:/usr/lib/gcc/x86_64-linux-gnu/5/:/usr/lib/gcc/x86_64-linux-gnu/
LIBRARY_PATH=/usr/lib/gcc/x86_64-linux-gnu/5/:/usr/lib/gcc/x86_64-linux-gnu/5/../../../x86_64-linux-gnu/:/usr/lib/gcc/x86_64-linux-gnu/5/../../../../lib/:/lib/x86_64-linux-gnu/:/lib/../lib/:/usr/lib/x86_64-linux-gnu/:/usr/lib/../lib/:/usr/lib/gcc/x86_64-linux-gnu/5/../../../:/lib/:/usr/lib/
COLLECT_GCC_OPTIONS='-v' '-o' 'cmTC_b218d' '-rdynamic' '-mtune=generic' '-march=x86-64'
 /usr/lib/gcc/x86_64-linux-gnu/5/collect2 -plugin /usr/lib/gcc/x86_64-linux-gnu/5/liblto_plugin.so -plugin-opt=/usr/lib/gcc/x86_64-linux-gnu/5/lto-wrapper -plugin-opt=-fresolution=/tmp/ccgofyMW.res -plugin-opt=-pass-through=-lgcc -plugin-opt=-pass-through=-lgcc_s -plugin-opt=-pass-through=-lc -plugin-opt=-pass-through=-lgcc -plugin-opt=-pass-through=-lgcc_s --sysroot=/ --build-id --eh-frame-hdr -m elf_x86_64 --hash-style=gnu --as-needed -export-dynamic -dynamic-linker /lib64/ld-linux-x86-64.so.2 -z relro -o cmTC_b218d /usr/lib/gcc/x86_64-linux-gnu/5/../../../x86_64-linux-gnu/crt1.o /usr/lib/gcc/x86_64-linux-gnu/5/../../../x86_64-linux-gnu/crti.o /usr/lib/gcc/x86_64-linux-gnu/5/crtbegin.o -L/usr/lib/gcc/x86_64-linux-gnu/5 -L/usr/lib/gcc/x86_64-linux-gnu/5/../../../x86_64-linux-gnu -L/usr/lib/gcc/x86_64-linux-gnu/5/../../../../lib -L/lib/x86_64-linux-gnu -L/lib/../lib -L/usr/lib/x86_64-linux-gnu -L/usr/lib/../lib -L/usr/lib/gcc/x86_64-linux-gnu/5/../../.. CMakeFiles/cmTC_b218d.dir/CMakeCCompilerABI.c.o -lgcc --as-needed -lgcc_s --no-as-needed -lc -lgcc --as-needed -lgcc_s --no-as-needed /usr/lib/gcc/x86_64-linux-gnu/5/crtend.o /usr/lib/gcc/x86_64-linux-gnu/5/../../../x86_64-linux-gnu/crtn.o
make[1]: Leaving directory '/home/samuel/cnerg/SetupScripts/MOAB/bld/CMakeFiles/CMakeTmp'


Parsed C implicit link information from above output:
  link line regex: [^( *|.*[/\])(ld|([^/\]+-)?ld|collect2)[^/\]*( |$)]
  ignore line: [Change Dir: /home/samuel/cnerg/SetupScripts/MOAB/bld/CMakeFiles/CMakeTmp]
  ignore line: []
  ignore line: [Run Build Command:"/usr/bin/make" "cmTC_b218d/fast"]
  ignore line: [/usr/bin/make -f CMakeFiles/cmTC_b218d.dir/build.make CMakeFiles/cmTC_b218d.dir/build]
  ignore line: [make[1]: Entering directory '/home/samuel/cnerg/SetupScripts/MOAB/bld/CMakeFiles/CMakeTmp']
  ignore line: [Building C object CMakeFiles/cmTC_b218d.dir/CMakeCCompilerABI.c.o]
  ignore line: [/usr/bin/cc     -o CMakeFiles/cmTC_b218d.dir/CMakeCCompilerABI.c.o   -c /usr/share/cmake-3.5/Modules/CMakeCCompilerABI.c]
  ignore line: [Linking C executable cmTC_b218d]
  ignore line: [/usr/bin/cmake -E cmake_link_script CMakeFiles/cmTC_b218d.dir/link.txt --verbose=1]
  ignore line: [/usr/bin/cc      -v CMakeFiles/cmTC_b218d.dir/CMakeCCompilerABI.c.o  -o cmTC_b218d -rdynamic  ]
  ignore line: [Using built-in specs.]
  ignore line: [COLLECT_GCC=/usr/bin/cc]
  ignore line: [COLLECT_LTO_WRAPPER=/usr/lib/gcc/x86_64-linux-gnu/5/lto-wrapper]
  ignore line: [Target: x86_64-linux-gnu]
  ignore line: [Configured with: ../src/configure -v --with-pkgversion='Ubuntu 5.4.0-6ubuntu1~16.04.10' --with-bugurl=file:///usr/share/doc/gcc-5/README.Bugs --enable-languages=c,ada,c++,java,go,d,fortran,objc,obj-c++ --prefix=/usr --program-suffix=-5 --enable-shared --enable-linker-build-id --libexecdir=/usr/lib --without-included-gettext --enable-threads=posix --libdir=/usr/lib --enable-nls --with-sysroot=/ --enable-clocale=gnu --enable-libstdcxx-debug --enable-libstdcxx-time=yes --with-default-libstdcxx-abi=new --enable-gnu-unique-object --disable-vtable-verify --enable-libmpx --enable-plugin --with-system-zlib --disable-browser-plugin --enable-java-awt=gtk --enable-gtk-cairo --with-java-home=/usr/lib/jvm/java-1.5.0-gcj-5-amd64/jre --enable-java-home --with-jvm-root-dir=/usr/lib/jvm/java-1.5.0-gcj-5-amd64 --with-jvm-jar-dir=/usr/lib/jvm-exports/java-1.5.0-gcj-5-amd64 --with-arch-directory=amd64 --with-ecj-jar=/usr/share/java/eclipse-ecj.jar --enable-objc-gc --enable-multiarch --disable-werror --with-arch-32=i686 --with-abi=m64 --with-multilib-list=m32,m64,mx32 --enable-multilib --with-tune=generic --enable-checking=release --build=x86_64-linux-gnu --host=x86_64-linux-gnu --target=x86_64-linux-gnu]
  ignore line: [Thread model: posix]
  ignore line: [gcc version 5.4.0 20160609 (Ubuntu 5.4.0-6ubuntu1~16.04.10) ]
  ignore line: [COMPILER_PATH=/usr/lib/gcc/x86_64-linux-gnu/5/:/usr/lib/gcc/x86_64-linux-gnu/5/:/usr/lib/gcc/x86_64-linux-gnu/:/usr/lib/gcc/x86_64-linux-gnu/5/:/usr/lib/gcc/x86_64-linux-gnu/]
  ignore line: [LIBRARY_PATH=/usr/lib/gcc/x86_64-linux-gnu/5/:/usr/lib/gcc/x86_64-linux-gnu/5/../../../x86_64-linux-gnu/:/usr/lib/gcc/x86_64-linux-gnu/5/../../../../lib/:/lib/x86_64-linux-gnu/:/lib/../lib/:/usr/lib/x86_64-linux-gnu/:/usr/lib/../lib/:/usr/lib/gcc/x86_64-linux-gnu/5/../../../:/lib/:/usr/lib/]
  ignore line: [COLLECT_GCC_OPTIONS='-v' '-o' 'cmTC_b218d' '-rdynamic' '-mtune=generic' '-march=x86-64']
  link line: [ /usr/lib/gcc/x86_64-linux-gnu/5/collect2 -plugin /usr/lib/gcc/x86_64-linux-gnu/5/liblto_plugin.so -plugin-opt=/usr/lib/gcc/x86_64-linux-gnu/5/lto-wrapper -plugin-opt=-fresolution=/tmp/ccgofyMW.res -plugin-opt=-pass-through=-lgcc -plugin-opt=-pass-through=-lgcc_s -plugin-opt=-pass-through=-lc -plugin-opt=-pass-through=-lgcc -plugin-opt=-pass-through=-lgcc_s --sysroot=/ --build-id --eh-frame-hdr -m elf_x86_64 --hash-style=gnu --as-needed -export-dynamic -dynamic-linker /lib64/ld-linux-x86-64.so.2 -z relro -o cmTC_b218d /usr/lib/gcc/x86_64-linux-gnu/5/../../../x86_64-linux-gnu/crt1.o /usr/lib/gcc/x86_64-linux-gnu/5/../../../x86_64-linux-gnu/crti.o /usr/lib/gcc/x86_64-linux-gnu/5/crtbegin.o -L/usr/lib/gcc/x86_64-linux-gnu/5 -L/usr/lib/gcc/x86_64-linux-gnu/5/../../../x86_64-linux-gnu -L/usr/lib/gcc/x86_64-linux-gnu/5/../../../../lib -L/lib/x86_64-linux-gnu -L/lib/../lib -L/usr/lib/x86_64-linux-gnu -L/usr/lib/../lib -L/usr/lib/gcc/x86_64-linux-gnu/5/../../.. CMakeFiles/cmTC_b218d.dir/CMakeCCompilerABI.c.o -lgcc --as-needed -lgcc_s --no-as-needed -lc -lgcc --as-needed -lgcc_s --no-as-needed /usr/lib/gcc/x86_64-linux-gnu/5/crtend.o /usr/lib/gcc/x86_64-linux-gnu/5/../../../x86_64-linux-gnu/crtn.o]
    arg [/usr/lib/gcc/x86_64-linux-gnu/5/collect2] ==> ignore
    arg [-plugin] ==> ignore
    arg [/usr/lib/gcc/x86_64-linux-gnu/5/liblto_plugin.so] ==> ignore
    arg [-plugin-opt=/usr/lib/gcc/x86_64-linux-gnu/5/lto-wrapper] ==> ignore
    arg [-plugin-opt=-fresolution=/tmp/ccgofyMW.res] ==> ignore
    arg [-plugin-opt=-pass-through=-lgcc] ==> ignore
    arg [-plugin-opt=-pass-through=-lgcc_s] ==> ignore
    arg [-plugin-opt=-pass-through=-lc] ==> ignore
    arg [-plugin-opt=-pass-through=-lgcc] ==> ignore
    arg [-plugin-opt=-pass-through=-lgcc_s] ==> ignore
    arg [--sysroot=/] ==> ignore
    arg [--build-id] ==> ignore
    arg [--eh-frame-hdr] ==> ignore
    arg [-m] ==> ignore
    arg [elf_x86_64] ==> ignore
    arg [--hash-style=gnu] ==> ignore
    arg [--as-needed] ==> ignore
    arg [-export-dynamic] ==> ignore
    arg [-dynamic-linker] ==> ignore
    arg [/lib64/ld-linux-x86-64.so.2] ==> ignore
    arg [-zrelro] ==> ignore
    arg [-o] ==> ignore
    arg [cmTC_b218d] ==> ignore
    arg [/usr/lib/gcc/x86_64-linux-gnu/5/../../../x86_64-linux-gnu/crt1.o] ==> ignore
    arg [/usr/lib/gcc/x86_64-linux-gnu/5/../../../x86_64-linux-gnu/crti.o] ==> ignore
    arg [/usr/lib/gcc/x86_64-linux-gnu/5/crtbegin.o] ==> ignore
    arg [-L/usr/lib/gcc/x86_64-linux-gnu/5] ==> dir [/usr/lib/gcc/x86_64-linux-gnu/5]
    arg [-L/usr/lib/gcc/x86_64-linux-gnu/5/../../../x86_64-linux-gnu] ==> dir [/usr/lib/gcc/x86_64-linux-gnu/5/../../../x86_64-linux-gnu]
    arg [-L/usr/lib/gcc/x86_64-linux-gnu/5/../../../../lib] ==> dir [/usr/lib/gcc/x86_64-linux-gnu/5/../../../../lib]
    arg [-L/lib/x86_64-linux-gnu] ==> dir [/lib/x86_64-linux-gnu]
    arg [-L/lib/../lib] ==> dir [/lib/../lib]
    arg [-L/usr/lib/x86_64-linux-gnu] ==> dir [/usr/lib/x86_64-linux-gnu]
    arg [-L/usr/lib/../lib] ==> dir [/usr/lib/../lib]
    arg [-L/usr/lib/gcc/x86_64-linux-gnu/5/../../..] ==> dir [/usr/lib/gcc/x86_64-linux-gnu/5/../../..]
    arg [CMakeFiles/cmTC_b218d.dir/CMakeCCompilerABI.c.o] ==> ignore
    arg [-lgcc] ==> lib [gcc]
    arg [--as-needed] ==> ignore
    arg [-lgcc_s] ==> lib [gcc_s]
    arg [--no-as-needed] ==> ignore
    arg [-lc] ==> lib [c]
    arg [-lgcc] ==> lib [gcc]
    arg [--as-needed] ==> ignore
    arg [-lgcc_s] ==> lib [gcc_s]
    arg [--no-as-needed] ==> ignore
    arg [/usr/lib/gcc/x86_64-linux-gnu/5/crtend.o] ==> ignore
    arg [/usr/lib/gcc/x86_64-linux-gnu/5/../../../x86_64-linux-gnu/crtn.o] ==> ignore
  remove lib [gcc]
  remove lib [gcc_s]
  remove lib [gcc]
  remove lib [gcc_s]
  collapse library dir [/usr/lib/gcc/x86_64-linux-gnu/5] ==> [/usr/lib/gcc/x86_64-linux-gnu/5]
  collapse library dir [/usr/lib/gcc/x86_64-linux-gnu/5/../../../x86_64-linux-gnu] ==> [/usr/lib/x86_64-linux-gnu]
  collapse library dir [/usr/lib/gcc/x86_64-linux-gnu/5/../../../../lib] ==> [/usr/lib]
  collapse library dir [/lib/x86_64-linux-gnu] ==> [/lib/x86_64-linux-gnu]
  collapse library dir [/lib/../lib] ==> [/lib]
  collapse library dir [/usr/lib/x86_64-linux-gnu] ==> [/usr/lib/x86_64-linux-gnu]
  collapse library dir [/usr/lib/../lib] ==> [/usr/lib]
  collapse library dir [/usr/lib/gcc/x86_64-linux-gnu/5/../../..] ==> [/usr/lib]
  implicit libs: [c]
  implicit dirs: [/usr/lib/gcc/x86_64-linux-gnu/5;/usr/lib/x86_64-linux-gnu;/usr/lib;/lib/x86_64-linux-gnu;/lib]
  implicit fwks: []




Detecting C [-std=c11] compiler features compiled with the following output:
Change Dir: /home/samuel/cnerg/SetupScripts/MOAB/bld/CMakeFiles/CMakeTmp

Run Build Command:"/usr/bin/make" "cmTC_7a102/fast"
/usr/bin/make -f CMakeFiles/cmTC_7a102.dir/build.make CMakeFiles/cmTC_7a102.dir/build
make[1]: Entering directory '/home/samuel/cnerg/SetupScripts/MOAB/bld/CMakeFiles/CMakeTmp'
Building C object CMakeFiles/cmTC_7a102.dir/feature_tests.c.o
/usr/bin/cc    -std=c11 -o CMakeFiles/cmTC_7a102.dir/feature_tests.c.o   -c /home/samuel/cnerg/SetupScripts/MOAB/bld/CMakeFiles/feature_tests.c
Linking C executable cmTC_7a102
/usr/bin/cmake -E cmake_link_script CMakeFiles/cmTC_7a102.dir/link.txt --verbose=1
/usr/bin/cc       CMakeFiles/cmTC_7a102.dir/feature_tests.c.o  -o cmTC_7a102 -rdynamic 
make[1]: Leaving directory '/home/samuel/cnerg/SetupScripts/MOAB/bld/CMakeFiles/CMakeTmp'


    Feature record: C_FEATURE:1c_function_prototypes
    Feature record: C_FEATURE:1c_restrict
    Feature record: C_FEATURE:1c_static_assert
    Feature record: C_FEATURE:1c_variadic_macros


Detecting C [-std=c99] compiler features compiled with the following output:
Change Dir: /home/samuel/cnerg/SetupScripts/MOAB/bld/CMakeFiles/CMakeTmp

Run Build Command:"/usr/bin/make" "cmTC_280e1/fast"
/usr/bin/make -f CMakeFiles/cmTC_280e1.dir/build.make CMakeFiles/cmTC_280e1.dir/build
make[1]: Entering directory '/home/samuel/cnerg/SetupScripts/MOAB/bld/CMakeFiles/CMakeTmp'
Building C object CMakeFiles/cmTC_280e1.dir/feature_tests.c.o
/usr/bin/cc    -std=c99 -o CMakeFiles/cmTC_280e1.dir/feature_tests.c.o   -c /home/samuel/cnerg/SetupScripts/MOAB/bld/CMakeFiles/feature_tests.c
Linking C executable cmTC_280e1
/usr/bin/cmake -E cmake_link_script CMakeFiles/cmTC_280e1.dir/link.txt --verbose=1
/usr/bin/cc       CMakeFiles/cmTC_280e1.dir/feature_tests.c.o  -o cmTC_280e1 -rdynamic 
make[1]: Leaving directory '/home/samuel/cnerg/SetupScripts/MOAB/bld/CMakeFiles/CMakeTmp'


    Feature record: C_FEATURE:1c_function_prototypes
    Feature record: C_FEATURE:1c_restrict
    Feature record: C_FEATURE:0c_static_assert
    Feature record: C_FEATURE:1c_variadic_macros


Detecting C [-std=c90] compiler features compiled with the following output:
Change Dir: /home/samuel/cnerg/SetupScripts/MOAB/bld/CMakeFiles/CMakeTmp

Run Build Command:"/usr/bin/make" "cmTC_94229/fast"
/usr/bin/make -f CMakeFiles/cmTC_94229.dir/build.make CMakeFiles/cmTC_94229.dir/build
make[1]: Entering directory '/home/samuel/cnerg/SetupScripts/MOAB/bld/CMakeFiles/CMakeTmp'
Building C object CMakeFiles/cmTC_94229.dir/feature_tests.c.o
/usr/bin/cc    -std=c90 -o CMakeFiles/cmTC_94229.dir/feature_tests.c.o   -c /home/samuel/cnerg/SetupScripts/MOAB/bld/CMakeFiles/feature_tests.c
Linking C executable cmTC_94229
/usr/bin/cmake -E cmake_link_script CMakeFiles/cmTC_94229.dir/link.txt --verbose=1
/usr/bin/cc       CMakeFiles/cmTC_94229.dir/feature_tests.c.o  -o cmTC_94229 -rdynamic 
make[1]: Leaving directory '/home/samuel/cnerg/SetupScripts/MOAB/bld/CMakeFiles/CMakeTmp'


    Feature record: C_FEATURE:1c_function_prototypes
    Feature record: C_FEATURE:0c_restrict
    Feature record: C_FEATURE:0c_static_assert
    Feature record: C_FEATURE:0c_variadic_macros
Determining if the CXX compiler works passed with the following output:
Change Dir: /home/samuel/cnerg/SetupScripts/MOAB/bld/CMakeFiles/CMakeTmp

Run Build Command:"/usr/bin/make" "cmTC_9c1e4/fast"
/usr/bin/make -f CMakeFiles/cmTC_9c1e4.dir/build.make CMakeFiles/cmTC_9c1e4.dir/build
make[1]: Entering directory '/home/samuel/cnerg/SetupScripts/MOAB/bld/CMakeFiles/CMakeTmp'
Building CXX object CMakeFiles/cmTC_9c1e4.dir/testCXXCompiler.cxx.o
/usr/bin/c++      -o CMakeFiles/cmTC_9c1e4.dir/testCXXCompiler.cxx.o -c /home/samuel/cnerg/SetupScripts/MOAB/bld/CMakeFiles/CMakeTmp/testCXXCompiler.cxx
Linking CXX executable cmTC_9c1e4
/usr/bin/cmake -E cmake_link_script CMakeFiles/cmTC_9c1e4.dir/link.txt --verbose=1
/usr/bin/c++        CMakeFiles/cmTC_9c1e4.dir/testCXXCompiler.cxx.o  -o cmTC_9c1e4 -rdynamic 
make[1]: Leaving directory '/home/samuel/cnerg/SetupScripts/MOAB/bld/CMakeFiles/CMakeTmp'


Detecting CXX compiler ABI info compiled with the following output:
Change Dir: /home/samuel/cnerg/SetupScripts/MOAB/bld/CMakeFiles/CMakeTmp

Run Build Command:"/usr/bin/make" "cmTC_f1af4/fast"
/usr/bin/make -f CMakeFiles/cmTC_f1af4.dir/build.make CMakeFiles/cmTC_f1af4.dir/build
make[1]: Entering directory '/home/samuel/cnerg/SetupScripts/MOAB/bld/CMakeFiles/CMakeTmp'
Building CXX object CMakeFiles/cmTC_f1af4.dir/CMakeCXXCompilerABI.cpp.o
/usr/bin/c++      -o CMakeFiles/cmTC_f1af4.dir/CMakeCXXCompilerABI.cpp.o -c /usr/share/cmake-3.5/Modules/CMakeCXXCompilerABI.cpp
Linking CXX executable cmTC_f1af4
/usr/bin/cmake -E cmake_link_script CMakeFiles/cmTC_f1af4.dir/link.txt --verbose=1
/usr/bin/c++       -v CMakeFiles/cmTC_f1af4.dir/CMakeCXXCompilerABI.cpp.o  -o cmTC_f1af4 -rdynamic  
Using built-in specs.
COLLECT_GCC=/usr/bin/c++
COLLECT_LTO_WRAPPER=/usr/lib/gcc/x86_64-linux-gnu/5/lto-wrapper
Target: x86_64-linux-gnu
Configured with: ../src/configure -v --with-pkgversion='Ubuntu 5.4.0-6ubuntu1~16.04.10' --with-bugurl=file:///usr/share/doc/gcc-5/README.Bugs --enable-languages=c,ada,c++,java,go,d,fortran,objc,obj-c++ --prefix=/usr --program-suffix=-5 --enable-shared --enable-linker-build-id --libexecdir=/usr/lib --without-included-gettext --enable-threads=posix --libdir=/usr/lib --enable-nls --with-sysroot=/ --enable-clocale=gnu --enable-libstdcxx-debug --enable-libstdcxx-time=yes --with-default-libstdcxx-abi=new --enable-gnu-unique-object --disable-vtable-verify --enable-libmpx --enable-plugin --with-system-zlib --disable-browser-plugin --enable-java-awt=gtk --enable-gtk-cairo --with-java-home=/usr/lib/jvm/java-1.5.0-gcj-5-amd64/jre --enable-java-home --with-jvm-root-dir=/usr/lib/jvm/java-1.5.0-gcj-5-amd64 --with-jvm-jar-dir=/usr/lib/jvm-exports/java-1.5.0-gcj-5-amd64 --with-arch-directory=amd64 --with-ecj-jar=/usr/share/java/eclipse-ecj.jar --enable-objc-gc --enable-multiarch --disable-werror --with-arch-32=i686 --with-abi=m64 --with-multilib-list=m32,m64,mx32 --enable-multilib --with-tune=generic --enable-checking=release --build=x86_64-linux-gnu --host=x86_64-linux-gnu --target=x86_64-linux-gnu
Thread model: posix
gcc version 5.4.0 20160609 (Ubuntu 5.4.0-6ubuntu1~16.04.10) 
COMPILER_PATH=/usr/lib/gcc/x86_64-linux-gnu/5/:/usr/lib/gcc/x86_64-linux-gnu/5/:/usr/lib/gcc/x86_64-linux-gnu/:/usr/lib/gcc/x86_64-linux-gnu/5/:/usr/lib/gcc/x86_64-linux-gnu/
LIBRARY_PATH=/usr/lib/gcc/x86_64-linux-gnu/5/:/usr/lib/gcc/x86_64-linux-gnu/5/../../../x86_64-linux-gnu/:/usr/lib/gcc/x86_64-linux-gnu/5/../../../../lib/:/lib/x86_64-linux-gnu/:/lib/../lib/:/usr/lib/x86_64-linux-gnu/:/usr/lib/../lib/:/usr/lib/gcc/x86_64-linux-gnu/5/../../../:/lib/:/usr/lib/
COLLECT_GCC_OPTIONS='-v' '-o' 'cmTC_f1af4' '-rdynamic' '-shared-libgcc' '-mtune=generic' '-march=x86-64'
 /usr/lib/gcc/x86_64-linux-gnu/5/collect2 -plugin /usr/lib/gcc/x86_64-linux-gnu/5/liblto_plugin.so -plugin-opt=/usr/lib/gcc/x86_64-linux-gnu/5/lto-wrapper -plugin-opt=-fresolution=/tmp/cc03Cgxh.res -plugin-opt=-pass-through=-lgcc_s -plugin-opt=-pass-through=-lgcc -plugin-opt=-pass-through=-lc -plugin-opt=-pass-through=-lgcc_s -plugin-opt=-pass-through=-lgcc --sysroot=/ --build-id --eh-frame-hdr -m elf_x86_64 --hash-style=gnu --as-needed -export-dynamic -dynamic-linker /lib64/ld-linux-x86-64.so.2 -z relro -o cmTC_f1af4 /usr/lib/gcc/x86_64-linux-gnu/5/../../../x86_64-linux-gnu/crt1.o /usr/lib/gcc/x86_64-linux-gnu/5/../../../x86_64-linux-gnu/crti.o /usr/lib/gcc/x86_64-linux-gnu/5/crtbegin.o -L/usr/lib/gcc/x86_64-linux-gnu/5 -L/usr/lib/gcc/x86_64-linux-gnu/5/../../../x86_64-linux-gnu -L/usr/lib/gcc/x86_64-linux-gnu/5/../../../../lib -L/lib/x86_64-linux-gnu -L/lib/../lib -L/usr/lib/x86_64-linux-gnu -L/usr/lib/../lib -L/usr/lib/gcc/x86_64-linux-gnu/5/../../.. CMakeFiles/cmTC_f1af4.dir/CMakeCXXCompilerABI.cpp.o -lstdc++ -lm -lgcc_s -lgcc -lc -lgcc_s -lgcc /usr/lib/gcc/x86_64-linux-gnu/5/crtend.o /usr/lib/gcc/x86_64-linux-gnu/5/../../../x86_64-linux-gnu/crtn.o
make[1]: Leaving directory '/home/samuel/cnerg/SetupScripts/MOAB/bld/CMakeFiles/CMakeTmp'


Parsed CXX implicit link information from above output:
  link line regex: [^( *|.*[/\])(ld|([^/\]+-)?ld|collect2)[^/\]*( |$)]
  ignore line: [Change Dir: /home/samuel/cnerg/SetupScripts/MOAB/bld/CMakeFiles/CMakeTmp]
  ignore line: []
  ignore line: [Run Build Command:"/usr/bin/make" "cmTC_f1af4/fast"]
  ignore line: [/usr/bin/make -f CMakeFiles/cmTC_f1af4.dir/build.make CMakeFiles/cmTC_f1af4.dir/build]
  ignore line: [make[1]: Entering directory '/home/samuel/cnerg/SetupScripts/MOAB/bld/CMakeFiles/CMakeTmp']
  ignore line: [Building CXX object CMakeFiles/cmTC_f1af4.dir/CMakeCXXCompilerABI.cpp.o]
  ignore line: [/usr/bin/c++      -o CMakeFiles/cmTC_f1af4.dir/CMakeCXXCompilerABI.cpp.o -c /usr/share/cmake-3.5/Modules/CMakeCXXCompilerABI.cpp]
  ignore line: [Linking CXX executable cmTC_f1af4]
  ignore line: [/usr/bin/cmake -E cmake_link_script CMakeFiles/cmTC_f1af4.dir/link.txt --verbose=1]
  ignore line: [/usr/bin/c++       -v CMakeFiles/cmTC_f1af4.dir/CMakeCXXCompilerABI.cpp.o  -o cmTC_f1af4 -rdynamic  ]
  ignore line: [Using built-in specs.]
  ignore line: [COLLECT_GCC=/usr/bin/c++]
  ignore line: [COLLECT_LTO_WRAPPER=/usr/lib/gcc/x86_64-linux-gnu/5/lto-wrapper]
  ignore line: [Target: x86_64-linux-gnu]
  ignore line: [Configured with: ../src/configure -v --with-pkgversion='Ubuntu 5.4.0-6ubuntu1~16.04.10' --with-bugurl=file:///usr/share/doc/gcc-5/README.Bugs --enable-languages=c,ada,c++,java,go,d,fortran,objc,obj-c++ --prefix=/usr --program-suffix=-5 --enable-shared --enable-linker-build-id --libexecdir=/usr/lib --without-included-gettext --enable-threads=posix --libdir=/usr/lib --enable-nls --with-sysroot=/ --enable-clocale=gnu --enable-libstdcxx-debug --enable-libstdcxx-time=yes --with-default-libstdcxx-abi=new --enable-gnu-unique-object --disable-vtable-verify --enable-libmpx --enable-plugin --with-system-zlib --disable-browser-plugin --enable-java-awt=gtk --enable-gtk-cairo --with-java-home=/usr/lib/jvm/java-1.5.0-gcj-5-amd64/jre --enable-java-home --with-jvm-root-dir=/usr/lib/jvm/java-1.5.0-gcj-5-amd64 --with-jvm-jar-dir=/usr/lib/jvm-exports/java-1.5.0-gcj-5-amd64 --with-arch-directory=amd64 --with-ecj-jar=/usr/share/java/eclipse-ecj.jar --enable-objc-gc --enable-multiarch --disable-werror --with-arch-32=i686 --with-abi=m64 --with-multilib-list=m32,m64,mx32 --enable-multilib --with-tune=generic --enable-checking=release --build=x86_64-linux-gnu --host=x86_64-linux-gnu --target=x86_64-linux-gnu]
  ignore line: [Thread model: posix]
  ignore line: [gcc version 5.4.0 20160609 (Ubuntu 5.4.0-6ubuntu1~16.04.10) ]
  ignore line: [COMPILER_PATH=/usr/lib/gcc/x86_64-linux-gnu/5/:/usr/lib/gcc/x86_64-linux-gnu/5/:/usr/lib/gcc/x86_64-linux-gnu/:/usr/lib/gcc/x86_64-linux-gnu/5/:/usr/lib/gcc/x86_64-linux-gnu/]
  ignore line: [LIBRARY_PATH=/usr/lib/gcc/x86_64-linux-gnu/5/:/usr/lib/gcc/x86_64-linux-gnu/5/../../../x86_64-linux-gnu/:/usr/lib/gcc/x86_64-linux-gnu/5/../../../../lib/:/lib/x86_64-linux-gnu/:/lib/../lib/:/usr/lib/x86_64-linux-gnu/:/usr/lib/../lib/:/usr/lib/gcc/x86_64-linux-gnu/5/../../../:/lib/:/usr/lib/]
  ignore line: [COLLECT_GCC_OPTIONS='-v' '-o' 'cmTC_f1af4' '-rdynamic' '-shared-libgcc' '-mtune=generic' '-march=x86-64']
  link line: [ /usr/lib/gcc/x86_64-linux-gnu/5/collect2 -plugin /usr/lib/gcc/x86_64-linux-gnu/5/liblto_plugin.so -plugin-opt=/usr/lib/gcc/x86_64-linux-gnu/5/lto-wrapper -plugin-opt=-fresolution=/tmp/cc03Cgxh.res -plugin-opt=-pass-through=-lgcc_s -plugin-opt=-pass-through=-lgcc -plugin-opt=-pass-through=-lc -plugin-opt=-pass-through=-lgcc_s -plugin-opt=-pass-through=-lgcc --sysroot=/ --build-id --eh-frame-hdr -m elf_x86_64 --hash-style=gnu --as-needed -export-dynamic -dynamic-linker /lib64/ld-linux-x86-64.so.2 -z relro -o cmTC_f1af4 /usr/lib/gcc/x86_64-linux-gnu/5/../../../x86_64-linux-gnu/crt1.o /usr/lib/gcc/x86_64-linux-gnu/5/../../../x86_64-linux-gnu/crti.o /usr/lib/gcc/x86_64-linux-gnu/5/crtbegin.o -L/usr/lib/gcc/x86_64-linux-gnu/5 -L/usr/lib/gcc/x86_64-linux-gnu/5/../../../x86_64-linux-gnu -L/usr/lib/gcc/x86_64-linux-gnu/5/../../../../lib -L/lib/x86_64-linux-gnu -L/lib/../lib -L/usr/lib/x86_64-linux-gnu -L/usr/lib/../lib -L/usr/lib/gcc/x86_64-linux-gnu/5/../../.. CMakeFiles/cmTC_f1af4.dir/CMakeCXXCompilerABI.cpp.o -lstdc++ -lm -lgcc_s -lgcc -lc -lgcc_s -lgcc /usr/lib/gcc/x86_64-linux-gnu/5/crtend.o /usr/lib/gcc/x86_64-linux-gnu/5/../../../x86_64-linux-gnu/crtn.o]
    arg [/usr/lib/gcc/x86_64-linux-gnu/5/collect2] ==> ignore
    arg [-plugin] ==> ignore
    arg [/usr/lib/gcc/x86_64-linux-gnu/5/liblto_plugin.so] ==> ignore
    arg [-plugin-opt=/usr/lib/gcc/x86_64-linux-gnu/5/lto-wrapper] ==> ignore
    arg [-plugin-opt=-fresolution=/tmp/cc03Cgxh.res] ==> ignore
    arg [-plugin-opt=-pass-through=-lgcc_s] ==> ignore
    arg [-plugin-opt=-pass-through=-lgcc] ==> ignore
    arg [-plugin-opt=-pass-through=-lc] ==> ignore
    arg [-plugin-opt=-pass-through=-lgcc_s] ==> ignore
    arg [-plugin-opt=-pass-through=-lgcc] ==> ignore
    arg [--sysroot=/] ==> ignore
    arg [--build-id] ==> ignore
    arg [--eh-frame-hdr] ==> ignore
    arg [-m] ==> ignore
    arg [elf_x86_64] ==> ignore
    arg [--hash-style=gnu] ==> ignore
    arg [--as-needed] ==> ignore
    arg [-export-dynamic] ==> ignore
    arg [-dynamic-linker] ==> ignore
    arg [/lib64/ld-linux-x86-64.so.2] ==> ignore
    arg [-zrelro] ==> ignore
    arg [-o] ==> ignore
    arg [cmTC_f1af4] ==> ignore
    arg [/usr/lib/gcc/x86_64-linux-gnu/5/../../../x86_64-linux-gnu/crt1.o] ==> ignore
    arg [/usr/lib/gcc/x86_64-linux-gnu/5/../../../x86_64-linux-gnu/crti.o] ==> ignore
    arg [/usr/lib/gcc/x86_64-linux-gnu/5/crtbegin.o] ==> ignore
    arg [-L/usr/lib/gcc/x86_64-linux-gnu/5] ==> dir [/usr/lib/gcc/x86_64-linux-gnu/5]
    arg [-L/usr/lib/gcc/x86_64-linux-gnu/5/../../../x86_64-linux-gnu] ==> dir [/usr/lib/gcc/x86_64-linux-gnu/5/../../../x86_64-linux-gnu]
    arg [-L/usr/lib/gcc/x86_64-linux-gnu/5/../../../../lib] ==> dir [/usr/lib/gcc/x86_64-linux-gnu/5/../../../../lib]
    arg [-L/lib/x86_64-linux-gnu] ==> dir [/lib/x86_64-linux-gnu]
    arg [-L/lib/../lib] ==> dir [/lib/../lib]
    arg [-L/usr/lib/x86_64-linux-gnu] ==> dir [/usr/lib/x86_64-linux-gnu]
    arg [-L/usr/lib/../lib] ==> dir [/usr/lib/../lib]
    arg [-L/usr/lib/gcc/x86_64-linux-gnu/5/../../..] ==> dir [/usr/lib/gcc/x86_64-linux-gnu/5/../../..]
    arg [CMakeFiles/cmTC_f1af4.dir/CMakeCXXCompilerABI.cpp.o] ==> ignore
    arg [-lstdc++] ==> lib [stdc++]
    arg [-lm] ==> lib [m]
    arg [-lgcc_s] ==> lib [gcc_s]
    arg [-lgcc] ==> lib [gcc]
    arg [-lc] ==> lib [c]
    arg [-lgcc_s] ==> lib [gcc_s]
    arg [-lgcc] ==> lib [gcc]
    arg [/usr/lib/gcc/x86_64-linux-gnu/5/crtend.o] ==> ignore
    arg [/usr/lib/gcc/x86_64-linux-gnu/5/../../../x86_64-linux-gnu/crtn.o] ==> ignore
  remove lib [gcc_s]
  remove lib [gcc]
  remove lib [gcc_s]
  remove lib [gcc]
  collapse library dir [/usr/lib/gcc/x86_64-linux-gnu/5] ==> [/usr/lib/gcc/x86_64-linux-gnu/5]
  collapse library dir [/usr/lib/gcc/x86_64-linux-gnu/5/../../../x86_64-linux-gnu] ==> [/usr/lib/x86_64-linux-gnu]
  collapse library dir [/usr/lib/gcc/x86_64-linux-gnu/5/../../../../lib] ==> [/usr/lib]
  collapse library dir [/lib/x86_64-linux-gnu] ==> [/lib/x86_64-linux-gnu]
  collapse library dir [/lib/../lib] ==> [/lib]
  collapse library dir [/usr/lib/x86_64-linux-gnu] ==> [/usr/lib/x86_64-linux-gnu]
  collapse library dir [/usr/lib/../lib] ==> [/usr/lib]
  collapse library dir [/usr/lib/gcc/x86_64-linux-gnu/5/../../..] ==> [/usr/lib]
  implicit libs: [stdc++;m;c]
  implicit dirs: [/usr/lib/gcc/x86_64-linux-gnu/5;/usr/lib/x86_64-linux-gnu;/usr/lib;/lib/x86_64-linux-gnu;/lib]
  implicit fwks: []




Detecting CXX [-std=c++14] compiler features compiled with the following output:
Change Dir: /home/samuel/cnerg/SetupScripts/MOAB/bld/CMakeFiles/CMakeTmp

Run Build Command:"/usr/bin/make" "cmTC_4015e/fast"
/usr/bin/make -f CMakeFiles/cmTC_4015e.dir/build.make CMakeFiles/cmTC_4015e.dir/build
make[1]: Entering directory '/home/samuel/cnerg/SetupScripts/MOAB/bld/CMakeFiles/CMakeTmp'
Building CXX object CMakeFiles/cmTC_4015e.dir/feature_tests.cxx.o
/usr/bin/c++     -std=c++14 -o CMakeFiles/cmTC_4015e.dir/feature_tests.cxx.o -c /home/samuel/cnerg/SetupScripts/MOAB/bld/CMakeFiles/feature_tests.cxx
Linking CXX executable cmTC_4015e
/usr/bin/cmake -E cmake_link_script CMakeFiles/cmTC_4015e.dir/link.txt --verbose=1
/usr/bin/c++        CMakeFiles/cmTC_4015e.dir/feature_tests.cxx.o  -o cmTC_4015e -rdynamic 
make[1]: Leaving directory '/home/samuel/cnerg/SetupScripts/MOAB/bld/CMakeFiles/CMakeTmp'


    Feature record: CXX_FEATURE:1cxx_aggregate_default_initializers
    Feature record: CXX_FEATURE:1cxx_alias_templates
    Feature record: CXX_FEATURE:1cxx_alignas
    Feature record: CXX_FEATURE:1cxx_alignof
    Feature record: CXX_FEATURE:1cxx_attributes
    Feature record: CXX_FEATURE:1cxx_attribute_deprecated
    Feature record: CXX_FEATURE:1cxx_auto_type
    Feature record: CXX_FEATURE:1cxx_binary_literals
    Feature record: CXX_FEATURE:1cxx_constexpr
    Feature record: CXX_FEATURE:1cxx_contextual_conversions
    Feature record: CXX_FEATURE:1cxx_decltype
    Feature record: CXX_FEATURE:1cxx_decltype_auto
    Feature record: CXX_FEATURE:1cxx_decltype_incomplete_return_types
    Feature record: CXX_FEATURE:1cxx_default_function_template_args
    Feature record: CXX_FEATURE:1cxx_defaulted_functions
    Feature record: CXX_FEATURE:1cxx_defaulted_move_initializers
    Feature record: CXX_FEATURE:1cxx_delegating_constructors
    Feature record: CXX_FEATURE:1cxx_deleted_functions
    Feature record: CXX_FEATURE:1cxx_digit_separators
    Feature record: CXX_FEATURE:1cxx_enum_forward_declarations
    Feature record: CXX_FEATURE:1cxx_explicit_conversions
    Feature record: CXX_FEATURE:1cxx_extended_friend_declarations
    Feature record: CXX_FEATURE:1cxx_extern_templates
    Feature record: CXX_FEATURE:1cxx_final
    Feature record: CXX_FEATURE:1cxx_func_identifier
    Feature record: CXX_FEATURE:1cxx_generalized_initializers
    Feature record: CXX_FEATURE:1cxx_generic_lambdas
    Feature record: CXX_FEATURE:1cxx_inheriting_constructors
    Feature record: CXX_FEATURE:1cxx_inline_namespaces
    Feature record: CXX_FEATURE:1cxx_lambdas
    Feature record: CXX_FEATURE:1cxx_lambda_init_captures
    Feature record: CXX_FEATURE:1cxx_local_type_template_args
    Feature record: CXX_FEATURE:1cxx_long_long_type
    Feature record: CXX_FEATURE:1cxx_noexcept
    Feature record: CXX_FEATURE:1cxx_nonstatic_member_init
    Feature record: CXX_FEATURE:1cxx_nullptr
    Feature record: CXX_FEATURE:1cxx_override
    Feature record: CXX_FEATURE:1cxx_range_for
    Feature record: CXX_FEATURE:1cxx_raw_string_literals
    Feature record: CXX_FEATURE:1cxx_reference_qualified_functions
    Feature record: CXX_FEATURE:1cxx_relaxed_constexpr
    Feature record: CXX_FEATURE:1cxx_return_type_deduction
    Feature record: CXX_FEATURE:1cxx_right_angle_brackets
    Feature record: CXX_FEATURE:1cxx_rvalue_references
    Feature record: CXX_FEATURE:1cxx_sizeof_member
    Feature record: CXX_FEATURE:1cxx_static_assert
    Feature record: CXX_FEATURE:1cxx_strong_enums
    Feature record: CXX_FEATURE:1cxx_template_template_parameters
    Feature record: CXX_FEATURE:1cxx_thread_local
    Feature record: CXX_FEATURE:1cxx_trailing_return_types
    Feature record: CXX_FEATURE:1cxx_unicode_literals
    Feature record: CXX_FEATURE:1cxx_uniform_initialization
    Feature record: CXX_FEATURE:1cxx_unrestricted_unions
    Feature record: CXX_FEATURE:1cxx_user_literals
    Feature record: CXX_FEATURE:1cxx_variable_templates
    Feature record: CXX_FEATURE:1cxx_variadic_macros
    Feature record: CXX_FEATURE:1cxx_variadic_templates


Detecting CXX [-std=c++11] compiler features compiled with the following output:
Change Dir: /home/samuel/cnerg/SetupScripts/MOAB/bld/CMakeFiles/CMakeTmp

Run Build Command:"/usr/bin/make" "cmTC_89cff/fast"
/usr/bin/make -f CMakeFiles/cmTC_89cff.dir/build.make CMakeFiles/cmTC_89cff.dir/build
make[1]: Entering directory '/home/samuel/cnerg/SetupScripts/MOAB/bld/CMakeFiles/CMakeTmp'
Building CXX object CMakeFiles/cmTC_89cff.dir/feature_tests.cxx.o
/usr/bin/c++     -std=c++11 -o CMakeFiles/cmTC_89cff.dir/feature_tests.cxx.o -c /home/samuel/cnerg/SetupScripts/MOAB/bld/CMakeFiles/feature_tests.cxx
Linking CXX executable cmTC_89cff
/usr/bin/cmake -E cmake_link_script CMakeFiles/cmTC_89cff.dir/link.txt --verbose=1
/usr/bin/c++        CMakeFiles/cmTC_89cff.dir/feature_tests.cxx.o  -o cmTC_89cff -rdynamic 
make[1]: Leaving directory '/home/samuel/cnerg/SetupScripts/MOAB/bld/CMakeFiles/CMakeTmp'


    Feature record: CXX_FEATURE:0cxx_aggregate_default_initializers
    Feature record: CXX_FEATURE:1cxx_alias_templates
    Feature record: CXX_FEATURE:1cxx_alignas
    Feature record: CXX_FEATURE:1cxx_alignof
    Feature record: CXX_FEATURE:1cxx_attributes
    Feature record: CXX_FEATURE:0cxx_attribute_deprecated
    Feature record: CXX_FEATURE:1cxx_auto_type
    Feature record: CXX_FEATURE:0cxx_binary_literals
    Feature record: CXX_FEATURE:1cxx_constexpr
    Feature record: CXX_FEATURE:0cxx_contextual_conversions
    Feature record: CXX_FEATURE:1cxx_decltype
    Feature record: CXX_FEATURE:0cxx_decltype_auto
    Feature record: CXX_FEATURE:1cxx_decltype_incomplete_return_types
    Feature record: CXX_FEATURE:1cxx_default_function_template_args
    Feature record: CXX_FEATURE:1cxx_defaulted_functions
    Feature record: CXX_FEATURE:1cxx_defaulted_move_initializers
    Feature record: CXX_FEATURE:1cxx_delegating_constructors
    Feature record: CXX_FEATURE:1cxx_deleted_functions
    Feature record: CXX_FEATURE:0cxx_digit_separators
    Feature record: CXX_FEATURE:1cxx_enum_forward_declarations
    Feature record: CXX_FEATURE:1cxx_explicit_conversions
    Feature record: CXX_FEATURE:1cxx_extended_friend_declarations
    Feature record: CXX_FEATURE:1cxx_extern_templates
    Feature record: CXX_FEATURE:1cxx_final
    Feature record: CXX_FEATURE:1cxx_func_identifier
    Feature record: CXX_FEATURE:1cxx_generalized_initializers
    Feature record: CXX_FEATURE:0cxx_generic_lambdas
    Feature record: CXX_FEATURE:1cxx_inheriting_constructors
    Feature record: CXX_FEATURE:1cxx_inline_namespaces
    Feature record: CXX_FEATURE:1cxx_lambdas
    Feature record: CXX_FEATURE:0cxx_lambda_init_captures
    Feature record: CXX_FEATURE:1cxx_local_type_template_args
    Feature record: CXX_FEATURE:1cxx_long_long_type
    Feature record: CXX_FEATURE:1cxx_noexcept
    Feature record: CXX_FEATURE:1cxx_nonstatic_member_init
    Feature record: CXX_FEATURE:1cxx_nullptr
    Feature record: CXX_FEATURE:1cxx_override
    Feature record: CXX_FEATURE:1cxx_range_for
    Feature record: CXX_FEATURE:1cxx_raw_string_literals
    Feature record: CXX_FEATURE:1cxx_reference_qualified_functions
    Feature record: CXX_FEATURE:0cxx_relaxed_constexpr
    Feature record: CXX_FEATURE:0cxx_return_type_deduction
    Feature record: CXX_FEATURE:1cxx_right_angle_brackets
    Feature record: CXX_FEATURE:1cxx_rvalue_references
    Feature record: CXX_FEATURE:1cxx_sizeof_member
    Feature record: CXX_FEATURE:1cxx_static_assert
    Feature record: CXX_FEATURE:1cxx_strong_enums
    Feature record: CXX_FEATURE:1cxx_template_template_parameters
    Feature record: CXX_FEATURE:1cxx_thread_local
    Feature record: CXX_FEATURE:1cxx_trailing_return_types
    Feature record: CXX_FEATURE:1cxx_unicode_literals
    Feature record: CXX_FEATURE:1cxx_uniform_initialization
    Feature record: CXX_FEATURE:1cxx_unrestricted_unions
    Feature record: CXX_FEATURE:1cxx_user_literals
    Feature record: CXX_FEATURE:0cxx_variable_templates
    Feature record: CXX_FEATURE:1cxx_variadic_macros
    Feature record: CXX_FEATURE:1cxx_variadic_templates


Detecting CXX [-std=c++98] compiler features compiled with the following output:
Change Dir: /home/samuel/cnerg/SetupScripts/MOAB/bld/CMakeFiles/CMakeTmp

Run Build Command:"/usr/bin/make" "cmTC_28391/fast"
/usr/bin/make -f CMakeFiles/cmTC_28391.dir/build.make CMakeFiles/cmTC_28391.dir/build
make[1]: Entering directory '/home/samuel/cnerg/SetupScripts/MOAB/bld/CMakeFiles/CMakeTmp'
Building CXX object CMakeFiles/cmTC_28391.dir/feature_tests.cxx.o
/usr/bin/c++     -std=c++98 -o CMakeFiles/cmTC_28391.dir/feature_tests.cxx.o -c /home/samuel/cnerg/SetupScripts/MOAB/bld/CMakeFiles/feature_tests.cxx
Linking CXX executable cmTC_28391
/usr/bin/cmake -E cmake_link_script CMakeFiles/cmTC_28391.dir/link.txt --verbose=1
/usr/bin/c++        CMakeFiles/cmTC_28391.dir/feature_tests.cxx.o  -o cmTC_28391 -rdynamic 
make[1]: Leaving directory '/home/samuel/cnerg/SetupScripts/MOAB/bld/CMakeFiles/CMakeTmp'


    Feature record: CXX_FEATURE:0cxx_aggregate_default_initializers
    Feature record: CXX_FEATURE:0cxx_alias_templates
    Feature record: CXX_FEATURE:0cxx_alignas
    Feature record: CXX_FEATURE:0cxx_alignof
    Feature record: CXX_FEATURE:0cxx_attributes
    Feature record: CXX_FEATURE:0cxx_attribute_deprecated
    Feature record: CXX_FEATURE:0cxx_auto_type
    Feature record: CXX_FEATURE:0cxx_binary_literals
    Feature record: CXX_FEATURE:0cxx_constexpr
    Feature record: CXX_FEATURE:0cxx_contextual_conversions
    Feature record: CXX_FEATURE:0cxx_decltype
    Feature record: CXX_FEATURE:0cxx_decltype_auto
    Feature record: CXX_FEATURE:0cxx_decltype_incomplete_return_types
    Feature record: CXX_FEATURE:0cxx_default_function_template_args
    Feature record: CXX_FEATURE:0cxx_defaulted_functions
    Feature record: CXX_FEATURE:0cxx_defaulted_move_initializers
    Feature record: CXX_FEATURE:0cxx_delegating_constructors
    Feature record: CXX_FEATURE:0cxx_deleted_functions
    Feature record: CXX_FEATURE:0cxx_digit_separators
    Feature record: CXX_FEATURE:0cxx_enum_forward_declarations
    Feature record: CXX_FEATURE:0cxx_explicit_conversions
    Feature record: CXX_FEATURE:0cxx_extended_friend_declarations
    Feature record: CXX_FEATURE:0cxx_extern_templates
    Feature record: CXX_FEATURE:0cxx_final
    Feature record: CXX_FEATURE:0cxx_func_identifier
    Feature record: CXX_FEATURE:0cxx_generalized_initializers
    Feature record: CXX_FEATURE:0cxx_generic_lambdas
    Feature record: CXX_FEATURE:0cxx_inheriting_constructors
    Feature record: CXX_FEATURE:0cxx_inline_namespaces
    Feature record: CXX_FEATURE:0cxx_lambdas
    Feature record: CXX_FEATURE:0cxx_lambda_init_captures
    Feature record: CXX_FEATURE:0cxx_local_type_template_args
    Feature record: CXX_FEATURE:0cxx_long_long_type
    Feature record: CXX_FEATURE:0cxx_noexcept
    Feature record: CXX_FEATURE:0cxx_nonstatic_member_init
    Feature record: CXX_FEATURE:0cxx_nullptr
    Feature record: CXX_FEATURE:0cxx_override
    Feature record: CXX_FEATURE:0cxx_range_for
    Feature record: CXX_FEATURE:0cxx_raw_string_literals
    Feature record: CXX_FEATURE:0cxx_reference_qualified_functions
    Feature record: CXX_FEATURE:0cxx_relaxed_constexpr
    Feature record: CXX_FEATURE:0cxx_return_type_deduction
    Feature record: CXX_FEATURE:0cxx_right_angle_brackets
    Feature record: CXX_FEATURE:0cxx_rvalue_references
    Feature record: CXX_FEATURE:0cxx_sizeof_member
    Feature record: CXX_FEATURE:0cxx_static_assert
    Feature record: CXX_FEATURE:0cxx_strong_enums
    Feature record: CXX_FEATURE:1cxx_template_template_parameters
    Feature record: CXX_FEATURE:0cxx_thread_local
    Feature record: CXX_FEATURE:0cxx_trailing_return_types
    Feature record: CXX_FEATURE:0cxx_unicode_literals
    Feature record: CXX_FEATURE:0cxx_uniform_initialization
    Feature record: CXX_FEATURE:0cxx_unrestricted_unions
    Feature record: CXX_FEATURE:0cxx_user_literals
    Feature record: CXX_FEATURE:0cxx_variable_templates
    Feature record: CXX_FEATURE:0cxx_variadic_macros
    Feature record: CXX_FEATURE:0cxx_variadic_templates
Compiling the Fortran compiler identification source file "CMakeFortranCompilerId.F" succeeded.
Compiler: /usr/bin/gfortran 
Build flags: 
Id flags: -v

The output was:
0
Driving: /usr/bin/gfortran -v CMakeFortranCompilerId.F -l gfortran -l m -shared-libgcc
Using built-in specs.
COLLECT_GCC=/usr/bin/gfortran
COLLECT_LTO_WRAPPER=/usr/lib/gcc/x86_64-linux-gnu/5/lto-wrapper
Target: x86_64-linux-gnu
Configured with: ../src/configure -v --with-pkgversion='Ubuntu 5.4.0-6ubuntu1~16.04.10' --with-bugurl=file:///usr/share/doc/gcc-5/README.Bugs --enable-languages=c,ada,c++,java,go,d,fortran,objc,obj-c++ --prefix=/usr --program-suffix=-5 --enable-shared --enable-linker-build-id --libexecdir=/usr/lib --without-included-gettext --enable-threads=posix --libdir=/usr/lib --enable-nls --with-sysroot=/ --enable-clocale=gnu --enable-libstdcxx-debug --enable-libstdcxx-time=yes --with-default-libstdcxx-abi=new --enable-gnu-unique-object --disable-vtable-verify --enable-libmpx --enable-plugin --with-system-zlib --disable-browser-plugin --enable-java-awt=gtk --enable-gtk-cairo --with-java-home=/usr/lib/jvm/java-1.5.0-gcj-5-amd64/jre --enable-java-home --with-jvm-root-dir=/usr/lib/jvm/java-1.5.0-gcj-5-amd64 --with-jvm-jar-dir=/usr/lib/jvm-exports/java-1.5.0-gcj-5-amd64 --with-arch-directory=amd64 --with-ecj-jar=/usr/share/java/eclipse-ecj.jar --enable-objc-gc --enable-multiarch --disable-werror --with-arch-32=i686 --with-abi=m64 --with-multilib-list=m32,m64,mx32 --enable-multilib --with-tune=generic --enable-checking=release --build=x86_64-linux-gnu --host=x86_64-linux-gnu --target=x86_64-linux-gnu
Thread model: posix
gcc version 5.4.0 20160609 (Ubuntu 5.4.0-6ubuntu1~16.04.10) 
COLLECT_GCC_OPTIONS='-v' '-shared-libgcc' '-mtune=generic' '-march=x86-64'
 /usr/lib/gcc/x86_64-linux-gnu/5/f951 CMakeFortranCompilerId.F -ffixed-form -cpp=/tmp/ccAk9jkF.f90 -quiet -v -imultiarch x86_64-linux-gnu CMakeFortranCompilerId.F -quiet -dumpbase CMakeFortranCompilerId.F -mtune=generic -march=x86-64 -auxbase CMakeFortranCompilerId -version -fintrinsic-modules-path /usr/lib/gcc/x86_64-linux-gnu/5/finclude -o /tmp/ccvRKlJq.s
GNU Fortran (Ubuntu 5.4.0-6ubuntu1~16.04.10) version 5.4.0 20160609 (x86_64-linux-gnu)
	compiled by GNU C version 5.4.0 20160609, GMP version 6.1.0, MPFR version 3.1.4, MPC version 1.0.3
GGC heuristics: --param ggc-min-expand=100 --param ggc-min-heapsize=131072
ignoring nonexistent directory "/usr/local/include/x86_64-linux-gnu"
ignoring nonexistent directory "/usr/lib/gcc/x86_64-linux-gnu/5/../../../../x86_64-linux-gnu/include"
#include "..." search starts here:
#include <...> search starts here:
 /usr/lib/gcc/x86_64-linux-gnu/5/finclude
 /usr/lib/gcc/x86_64-linux-gnu/5/include
 /usr/local/include
 /usr/lib/gcc/x86_64-linux-gnu/5/include-fixed
 /usr/include/x86_64-linux-gnu
 /usr/include
End of search list.
GNU Fortran2008 (Ubuntu 5.4.0-6ubuntu1~16.04.10) version 5.4.0 20160609 (x86_64-linux-gnu)
	compiled by GNU C version 5.4.0 20160609, GMP version 6.1.0, MPFR version 3.1.4, MPC version 1.0.3
GGC heuristics: --param ggc-min-expand=100 --param ggc-min-heapsize=131072
COLLECT_GCC_OPTIONS='-v' '-shared-libgcc' '-mtune=generic' '-march=x86-64'
 as -v --64 -o /tmp/ccIJaQEc.o /tmp/ccvRKlJq.s
GNU assembler version 2.26.1 (x86_64-linux-gnu) using BFD version (GNU Binutils for Ubuntu) 2.26.1
Reading specs from /usr/lib/gcc/x86_64-linux-gnu/5/libgfortran.spec
rename spec lib to liborig
COLLECT_GCC_OPTIONS='-v' '-shared-libgcc' '-mtune=generic' '-march=x86-64'
COMPILER_PATH=/usr/lib/gcc/x86_64-linux-gnu/5/:/usr/lib/gcc/x86_64-linux-gnu/5/:/usr/lib/gcc/x86_64-linux-gnu/:/usr/lib/gcc/x86_64-linux-gnu/5/:/usr/lib/gcc/x86_64-linux-gnu/
LIBRARY_PATH=/usr/lib/gcc/x86_64-linux-gnu/5/:/usr/lib/gcc/x86_64-linux-gnu/5/../../../x86_64-linux-gnu/:/usr/lib/gcc/x86_64-linux-gnu/5/../../../../lib/:/lib/x86_64-linux-gnu/:/lib/../lib/:/usr/lib/x86_64-linux-gnu/:/usr/lib/../lib/:/usr/lib/gcc/x86_64-linux-gnu/5/../../../:/lib/:/usr/lib/
COLLECT_GCC_OPTIONS='-v' '-shared-libgcc' '-mtune=generic' '-march=x86-64'
 /usr/lib/gcc/x86_64-linux-gnu/5/collect2 -plugin /usr/lib/gcc/x86_64-linux-gnu/5/liblto_plugin.so -plugin-opt=/usr/lib/gcc/x86_64-linux-gnu/5/lto-wrapper -plugin-opt=-fresolution=/tmp/ccOJNmBY.res -plugin-opt=-pass-through=-lgcc_s -plugin-opt=-pass-through=-lgcc -plugin-opt=-pass-through=-lquadmath -plugin-opt=-pass-through=-lm -plugin-opt=-pass-through=-lgcc_s -plugin-opt=-pass-through=-lgcc -plugin-opt=-pass-through=-lc -plugin-opt=-pass-through=-lgcc_s -plugin-opt=-pass-through=-lgcc --sysroot=/ --build-id --eh-frame-hdr -m elf_x86_64 --hash-style=gnu --as-needed -dynamic-linker /lib64/ld-linux-x86-64.so.2 -z relro /usr/lib/gcc/x86_64-linux-gnu/5/../../../x86_64-linux-gnu/crt1.o /usr/lib/gcc/x86_64-linux-gnu/5/../../../x86_64-linux-gnu/crti.o /usr/lib/gcc/x86_64-linux-gnu/5/crtbegin.o -L/usr/lib/gcc/x86_64-linux-gnu/5 -L/usr/lib/gcc/x86_64-linux-gnu/5/../../../x86_64-linux-gnu -L/usr/lib/gcc/x86_64-linux-gnu/5/../../../../lib -L/lib/x86_64-linux-gnu -L/lib/../lib -L/usr/lib/x86_64-linux-gnu -L/usr/lib/../lib -L/usr/lib/gcc/x86_64-linux-gnu/5/../../.. /tmp/ccIJaQEc.o -lgfortran -lm -lgcc_s -lgcc -lquadmath -lm -lgcc_s -lgcc -lc -lgcc_s -lgcc /usr/lib/gcc/x86_64-linux-gnu/5/crtend.o /usr/lib/gcc/x86_64-linux-gnu/5/../../../x86_64-linux-gnu/crtn.o


Compilation of the Fortran compiler identification source "CMakeFortranCompilerId.F" produced "a.out"

The Fortran compiler identification is GNU, found in "/home/samuel/cnerg/SetupScripts/MOAB/bld/CMakeFiles/3.5.1/CompilerIdFortran/a.out"

Determining if the include file inttypes.h exists passed with the following output:
Change Dir: /home/samuel/cnerg/SetupScripts/MOAB/bld/CMakeFiles/CMakeTmp

Run Build Command:"/usr/bin/make" "cmTC_6a541/fast"
/usr/bin/make -f CMakeFiles/cmTC_6a541.dir/build.make CMakeFiles/cmTC_6a541.dir/build
make[1]: Entering directory '/home/samuel/cnerg/SetupScripts/MOAB/bld/CMakeFiles/CMakeTmp'
Building C object CMakeFiles/cmTC_6a541.dir/CheckIncludeFile.c.o
/usr/bin/cc     -o CMakeFiles/cmTC_6a541.dir/CheckIncludeFile.c.o   -c /home/samuel/cnerg/SetupScripts/MOAB/bld/CMakeFiles/CMakeTmp/CheckIncludeFile.c
Linking C executable cmTC_6a541
/usr/bin/cmake -E cmake_link_script CMakeFiles/cmTC_6a541.dir/link.txt --verbose=1
/usr/bin/cc       CMakeFiles/cmTC_6a541.dir/CheckIncludeFile.c.o  -o cmTC_6a541 -rdynamic 
make[1]: Leaving directory '/home/samuel/cnerg/SetupScripts/MOAB/bld/CMakeFiles/CMakeTmp'


Determining if the include file stdint.h exists passed with the following output:
Change Dir: /home/samuel/cnerg/SetupScripts/MOAB/bld/CMakeFiles/CMakeTmp

Run Build Command:"/usr/bin/make" "cmTC_b26d5/fast"
/usr/bin/make -f CMakeFiles/cmTC_b26d5.dir/build.make CMakeFiles/cmTC_b26d5.dir/build
make[1]: Entering directory '/home/samuel/cnerg/SetupScripts/MOAB/bld/CMakeFiles/CMakeTmp'
Building C object CMakeFiles/cmTC_b26d5.dir/CheckIncludeFile.c.o
/usr/bin/cc     -o CMakeFiles/cmTC_b26d5.dir/CheckIncludeFile.c.o   -c /home/samuel/cnerg/SetupScripts/MOAB/bld/CMakeFiles/CMakeTmp/CheckIncludeFile.c
Linking C executable cmTC_b26d5
/usr/bin/cmake -E cmake_link_script CMakeFiles/cmTC_b26d5.dir/link.txt --verbose=1
/usr/bin/cc       CMakeFiles/cmTC_b26d5.dir/CheckIncludeFile.c.o  -o cmTC_b26d5 -rdynamic 
make[1]: Leaving directory '/home/samuel/cnerg/SetupScripts/MOAB/bld/CMakeFiles/CMakeTmp'


Determining if the include file stddef.h exists passed with the following output:
Change Dir: /home/samuel/cnerg/SetupScripts/MOAB/bld/CMakeFiles/CMakeTmp

Run Build Command:"/usr/bin/make" "cmTC_9b6cb/fast"
/usr/bin/make -f CMakeFiles/cmTC_9b6cb.dir/build.make CMakeFiles/cmTC_9b6cb.dir/build
make[1]: Entering directory '/home/samuel/cnerg/SetupScripts/MOAB/bld/CMakeFiles/CMakeTmp'
Building C object CMakeFiles/cmTC_9b6cb.dir/CheckIncludeFile.c.o
/usr/bin/cc     -o CMakeFiles/cmTC_9b6cb.dir/CheckIncludeFile.c.o   -c /home/samuel/cnerg/SetupScripts/MOAB/bld/CMakeFiles/CMakeTmp/CheckIncludeFile.c
Linking C executable cmTC_9b6cb
/usr/bin/cmake -E cmake_link_script CMakeFiles/cmTC_9b6cb.dir/link.txt --verbose=1
/usr/bin/cc       CMakeFiles/cmTC_9b6cb.dir/CheckIncludeFile.c.o  -o cmTC_9b6cb -rdynamic 
make[1]: Leaving directory '/home/samuel/cnerg/SetupScripts/MOAB/bld/CMakeFiles/CMakeTmp'


Determining if the include file stdlib.h exists passed with the following output:
Change Dir: /home/samuel/cnerg/SetupScripts/MOAB/bld/CMakeFiles/CMakeTmp

Run Build Command:"/usr/bin/make" "cmTC_884c1/fast"
/usr/bin/make -f CMakeFiles/cmTC_884c1.dir/build.make CMakeFiles/cmTC_884c1.dir/build
make[1]: Entering directory '/home/samuel/cnerg/SetupScripts/MOAB/bld/CMakeFiles/CMakeTmp'
Building C object CMakeFiles/cmTC_884c1.dir/CheckIncludeFile.c.o
/usr/bin/cc     -o CMakeFiles/cmTC_884c1.dir/CheckIncludeFile.c.o   -c /home/samuel/cnerg/SetupScripts/MOAB/bld/CMakeFiles/CMakeTmp/CheckIncludeFile.c
Linking C executable cmTC_884c1
/usr/bin/cmake -E cmake_link_script CMakeFiles/cmTC_884c1.dir/link.txt --verbose=1
/usr/bin/cc       CMakeFiles/cmTC_884c1.dir/CheckIncludeFile.c.o  -o cmTC_884c1 -rdynamic 
make[1]: Leaving directory '/home/samuel/cnerg/SetupScripts/MOAB/bld/CMakeFiles/CMakeTmp'


Determining if the include file sys/types.h exists passed with the following output:
Change Dir: /home/samuel/cnerg/SetupScripts/MOAB/bld/CMakeFiles/CMakeTmp

Run Build Command:"/usr/bin/make" "cmTC_dc5ff/fast"
/usr/bin/make -f CMakeFiles/cmTC_dc5ff.dir/build.make CMakeFiles/cmTC_dc5ff.dir/build
make[1]: Entering directory '/home/samuel/cnerg/SetupScripts/MOAB/bld/CMakeFiles/CMakeTmp'
Building C object CMakeFiles/cmTC_dc5ff.dir/CheckIncludeFile.c.o
/usr/bin/cc     -o CMakeFiles/cmTC_dc5ff.dir/CheckIncludeFile.c.o   -c /home/samuel/cnerg/SetupScripts/MOAB/bld/CMakeFiles/CMakeTmp/CheckIncludeFile.c
Linking C executable cmTC_dc5ff
/usr/bin/cmake -E cmake_link_script CMakeFiles/cmTC_dc5ff.dir/link.txt --verbose=1
/usr/bin/cc       CMakeFiles/cmTC_dc5ff.dir/CheckIncludeFile.c.o  -o cmTC_dc5ff -rdynamic 
make[1]: Leaving directory '/home/samuel/cnerg/SetupScripts/MOAB/bld/CMakeFiles/CMakeTmp'


Determining if the include file memory.h exists passed with the following output:
Change Dir: /home/samuel/cnerg/SetupScripts/MOAB/bld/CMakeFiles/CMakeTmp

Run Build Command:"/usr/bin/make" "cmTC_e56c1/fast"
/usr/bin/make -f CMakeFiles/cmTC_e56c1.dir/build.make CMakeFiles/cmTC_e56c1.dir/build
make[1]: Entering directory '/home/samuel/cnerg/SetupScripts/MOAB/bld/CMakeFiles/CMakeTmp'
Building C object CMakeFiles/cmTC_e56c1.dir/CheckIncludeFile.c.o
/usr/bin/cc     -o CMakeFiles/cmTC_e56c1.dir/CheckIncludeFile.c.o   -c /home/samuel/cnerg/SetupScripts/MOAB/bld/CMakeFiles/CMakeTmp/CheckIncludeFile.c
Linking C executable cmTC_e56c1
/usr/bin/cmake -E cmake_link_script CMakeFiles/cmTC_e56c1.dir/link.txt --verbose=1
/usr/bin/cc       CMakeFiles/cmTC_e56c1.dir/CheckIncludeFile.c.o  -o cmTC_e56c1 -rdynamic 
make[1]: Leaving directory '/home/samuel/cnerg/SetupScripts/MOAB/bld/CMakeFiles/CMakeTmp'


Determining size of unsigned short passed with the following output:
Change Dir: /home/samuel/cnerg/SetupScripts/MOAB/bld/CMakeFiles/CMakeTmp

Run Build Command:"/usr/bin/make" "cmTC_a682d/fast"
/usr/bin/make -f CMakeFiles/cmTC_a682d.dir/build.make CMakeFiles/cmTC_a682d.dir/build
make[1]: Entering directory '/home/samuel/cnerg/SetupScripts/MOAB/bld/CMakeFiles/CMakeTmp'
Building C object CMakeFiles/cmTC_a682d.dir/CMAKE_SIZEOF_UNSIGNED_SHORT.c.o
/usr/bin/cc     -o CMakeFiles/cmTC_a682d.dir/CMAKE_SIZEOF_UNSIGNED_SHORT.c.o   -c /home/samuel/cnerg/SetupScripts/MOAB/bld/CMakeFiles/CheckTypeSize/CMAKE_SIZEOF_UNSIGNED_SHORT.c
Linking C executable cmTC_a682d
/usr/bin/cmake -E cmake_link_script CMakeFiles/cmTC_a682d.dir/link.txt --verbose=1
/usr/bin/cc       CMakeFiles/cmTC_a682d.dir/CMAKE_SIZEOF_UNSIGNED_SHORT.c.o  -o cmTC_a682d -rdynamic 
make[1]: Leaving directory '/home/samuel/cnerg/SetupScripts/MOAB/bld/CMakeFiles/CMakeTmp'


Determining size of size_t passed with the following output:
Change Dir: /home/samuel/cnerg/SetupScripts/MOAB/bld/CMakeFiles/CMakeTmp

Run Build Command:"/usr/bin/make" "cmTC_a3f5b/fast"
/usr/bin/make -f CMakeFiles/cmTC_a3f5b.dir/build.make CMakeFiles/cmTC_a3f5b.dir/build
make[1]: Entering directory '/home/samuel/cnerg/SetupScripts/MOAB/bld/CMakeFiles/CMakeTmp'
Building C object CMakeFiles/cmTC_a3f5b.dir/MOAB_HAVE_SIZE_T.c.o
/usr/bin/cc     -o CMakeFiles/cmTC_a3f5b.dir/MOAB_HAVE_SIZE_T.c.o   -c /home/samuel/cnerg/SetupScripts/MOAB/bld/CMakeFiles/CheckTypeSize/MOAB_HAVE_SIZE_T.c
Linking C executable cmTC_a3f5b
/usr/bin/cmake -E cmake_link_script CMakeFiles/cmTC_a3f5b.dir/link.txt --verbose=1
/usr/bin/cc       CMakeFiles/cmTC_a3f5b.dir/MOAB_HAVE_SIZE_T.c.o  -o cmTC_a3f5b -rdynamic 
make[1]: Leaving directory '/home/samuel/cnerg/SetupScripts/MOAB/bld/CMakeFiles/CMakeTmp'


Determining size of ptrdiff_t passed with the following output:
Change Dir: /home/samuel/cnerg/SetupScripts/MOAB/bld/CMakeFiles/CMakeTmp

Run Build Command:"/usr/bin/make" "cmTC_56308/fast"
/usr/bin/make -f CMakeFiles/cmTC_56308.dir/build.make CMakeFiles/cmTC_56308.dir/build
make[1]: Entering directory '/home/samuel/cnerg/SetupScripts/MOAB/bld/CMakeFiles/CMakeTmp'
Building C object CMakeFiles/cmTC_56308.dir/MOAB_HAVE_PTRDIFF_T.c.o
/usr/bin/cc     -o CMakeFiles/cmTC_56308.dir/MOAB_HAVE_PTRDIFF_T.c.o   -c /home/samuel/cnerg/SetupScripts/MOAB/bld/CMakeFiles/CheckTypeSize/MOAB_HAVE_PTRDIFF_T.c
Linking C executable cmTC_56308
/usr/bin/cmake -E cmake_link_script CMakeFiles/cmTC_56308.dir/link.txt --verbose=1
/usr/bin/cc       CMakeFiles/cmTC_56308.dir/MOAB_HAVE_PTRDIFF_T.c.o  -o cmTC_56308 -rdynamic 
make[1]: Leaving directory '/home/samuel/cnerg/SetupScripts/MOAB/bld/CMakeFiles/CMakeTmp'


Determining if the function finite exists passed with the following output:
Change Dir: /home/samuel/cnerg/SetupScripts/MOAB/bld/CMakeFiles/CMakeTmp

Run Build Command:"/usr/bin/make" "cmTC_27017/fast"
/usr/bin/make -f CMakeFiles/cmTC_27017.dir/build.make CMakeFiles/cmTC_27017.dir/build
make[1]: Entering directory '/home/samuel/cnerg/SetupScripts/MOAB/bld/CMakeFiles/CMakeTmp'
Building C object CMakeFiles/cmTC_27017.dir/CheckFunctionExists.c.o
/usr/bin/cc    -DCHECK_FUNCTION_EXISTS=finite   -o CMakeFiles/cmTC_27017.dir/CheckFunctionExists.c.o   -c /usr/share/cmake-3.5/Modules/CheckFunctionExists.c
<command-line>:0:23: warning: conflicting types for built-in function finite
/usr/share/cmake-3.5/Modules/CheckFunctionExists.c:6:6: note: in expansion of macro CHECK_FUNCTION_EXISTS
 char CHECK_FUNCTION_EXISTS();
      ^
Linking C executable cmTC_27017
/usr/bin/cmake -E cmake_link_script CMakeFiles/cmTC_27017.dir/link.txt --verbose=1
/usr/bin/cc   -DCHECK_FUNCTION_EXISTS=finite    CMakeFiles/cmTC_27017.dir/CheckFunctionExists.c.o  -o cmTC_27017 -rdynamic 
make[1]: Leaving directory '/home/samuel/cnerg/SetupScripts/MOAB/bld/CMakeFiles/CMakeTmp'


Performing C++ SOURCE FILE Test MOAB_HAVE_FLAG_pedantic succeeded with the following output:
Change Dir: /home/samuel/cnerg/SetupScripts/MOAB/bld/CMakeFiles/CMakeTmp

Run Build Command:"/usr/bin/make" "cmTC_cfa10/fast"
/usr/bin/make -f CMakeFiles/cmTC_cfa10.dir/build.make CMakeFiles/cmTC_cfa10.dir/build
make[1]: Entering directory '/home/samuel/cnerg/SetupScripts/MOAB/bld/CMakeFiles/CMakeTmp'
Building CXX object CMakeFiles/cmTC_cfa10.dir/src.cxx.o
/usr/bin/c++     -DMOAB_HAVE_FLAG_pedantic   -pedantic -o CMakeFiles/cmTC_cfa10.dir/src.cxx.o -c /home/samuel/cnerg/SetupScripts/MOAB/bld/CMakeFiles/CMakeTmp/src.cxx
Linking CXX executable cmTC_cfa10
/usr/bin/cmake -E cmake_link_script CMakeFiles/cmTC_cfa10.dir/link.txt --verbose=1
/usr/bin/c++    -DMOAB_HAVE_FLAG_pedantic    CMakeFiles/cmTC_cfa10.dir/src.cxx.o  -o cmTC_cfa10 -rdynamic 
make[1]: Leaving directory '/home/samuel/cnerg/SetupScripts/MOAB/bld/CMakeFiles/CMakeTmp'

Source file was:
int main() { return 0; }
Performing C++ SOURCE FILE Test MOAB_HAVE_FLAG_fpic succeeded with the following output:
Change Dir: /home/samuel/cnerg/SetupScripts/MOAB/bld/CMakeFiles/CMakeTmp

Run Build Command:"/usr/bin/make" "cmTC_3ec19/fast"
/usr/bin/make -f CMakeFiles/cmTC_3ec19.dir/build.make CMakeFiles/cmTC_3ec19.dir/build
make[1]: Entering directory '/home/samuel/cnerg/SetupScripts/MOAB/bld/CMakeFiles/CMakeTmp'
Building CXX object CMakeFiles/cmTC_3ec19.dir/src.cxx.o
/usr/bin/c++     -DMOAB_HAVE_FLAG_fpic   -fpic -o CMakeFiles/cmTC_3ec19.dir/src.cxx.o -c /home/samuel/cnerg/SetupScripts/MOAB/bld/CMakeFiles/CMakeTmp/src.cxx
Linking CXX executable cmTC_3ec19
/usr/bin/cmake -E cmake_link_script CMakeFiles/cmTC_3ec19.dir/link.txt --verbose=1
/usr/bin/c++    -DMOAB_HAVE_FLAG_fpic    CMakeFiles/cmTC_3ec19.dir/src.cxx.o  -o cmTC_3ec19 -rdynamic 
make[1]: Leaving directory '/home/samuel/cnerg/SetupScripts/MOAB/bld/CMakeFiles/CMakeTmp'

Source file was:
int main() { return 0; }
Performing C++ SOURCE FILE Test MOAB_HAVE_FLAG_Wall succeeded with the following output:
Change Dir: /home/samuel/cnerg/SetupScripts/MOAB/bld/CMakeFiles/CMakeTmp

Run Build Command:"/usr/bin/make" "cmTC_74a6f/fast"
/usr/bin/make -f CMakeFiles/cmTC_74a6f.dir/build.make CMakeFiles/cmTC_74a6f.dir/build
make[1]: Entering directory '/home/samuel/cnerg/SetupScripts/MOAB/bld/CMakeFiles/CMakeTmp'
Building CXX object CMakeFiles/cmTC_74a6f.dir/src.cxx.o
/usr/bin/c++     -DMOAB_HAVE_FLAG_Wall   -Wall -o CMakeFiles/cmTC_74a6f.dir/src.cxx.o -c /home/samuel/cnerg/SetupScripts/MOAB/bld/CMakeFiles/CMakeTmp/src.cxx
Linking CXX executable cmTC_74a6f
/usr/bin/cmake -E cmake_link_script CMakeFiles/cmTC_74a6f.dir/link.txt --verbose=1
/usr/bin/c++    -DMOAB_HAVE_FLAG_Wall    CMakeFiles/cmTC_74a6f.dir/src.cxx.o  -o cmTC_74a6f -rdynamic 
make[1]: Leaving directory '/home/samuel/cnerg/SetupScripts/MOAB/bld/CMakeFiles/CMakeTmp'

Source file was:
int main() { return 0; }
Performing C++ SOURCE FILE Test MOAB_HAVE_FLAG_pipe succeeded with the following output:
Change Dir: /home/samuel/cnerg/SetupScripts/MOAB/bld/CMakeFiles/CMakeTmp

Run Build Command:"/usr/bin/make" "cmTC_32e24/fast"
/usr/bin/make -f CMakeFiles/cmTC_32e24.dir/build.make CMakeFiles/cmTC_32e24.dir/build
make[1]: Entering directory '/home/samuel/cnerg/SetupScripts/MOAB/bld/CMakeFiles/CMakeTmp'
Building CXX object CMakeFiles/cmTC_32e24.dir/src.cxx.o
/usr/bin/c++     -DMOAB_HAVE_FLAG_pipe   -pipe -o CMakeFiles/cmTC_32e24.dir/src.cxx.o -c /home/samuel/cnerg/SetupScripts/MOAB/bld/CMakeFiles/CMakeTmp/src.cxx
Linking CXX executable cmTC_32e24
/usr/bin/cmake -E cmake_link_script CMakeFiles/cmTC_32e24.dir/link.txt --verbose=1
/usr/bin/c++    -DMOAB_HAVE_FLAG_pipe    CMakeFiles/cmTC_32e24.dir/src.cxx.o  -o cmTC_32e24 -rdynamic 
make[1]: Leaving directory '/home/samuel/cnerg/SetupScripts/MOAB/bld/CMakeFiles/CMakeTmp'

Source file was:
int main() { return 0; }
Performing C++ SOURCE FILE Test MOAB_HAVE_FLAG_Wno_long_long succeeded with the following output:
Change Dir: /home/samuel/cnerg/SetupScripts/MOAB/bld/CMakeFiles/CMakeTmp

Run Build Command:"/usr/bin/make" "cmTC_1cad9/fast"
/usr/bin/make -f CMakeFiles/cmTC_1cad9.dir/build.make CMakeFiles/cmTC_1cad9.dir/build
make[1]: Entering directory '/home/samuel/cnerg/SetupScripts/MOAB/bld/CMakeFiles/CMakeTmp'
Building CXX object CMakeFiles/cmTC_1cad9.dir/src.cxx.o
/usr/bin/c++     -DMOAB_HAVE_FLAG_Wno_long_long   -Wno-long-long -o CMakeFiles/cmTC_1cad9.dir/src.cxx.o -c /home/samuel/cnerg/SetupScripts/MOAB/bld/CMakeFiles/CMakeTmp/src.cxx
Linking CXX executable cmTC_1cad9
/usr/bin/cmake -E cmake_link_script CMakeFiles/cmTC_1cad9.dir/link.txt --verbose=1
/usr/bin/c++    -DMOAB_HAVE_FLAG_Wno_long_long    CMakeFiles/cmTC_1cad9.dir/src.cxx.o  -o cmTC_1cad9 -rdynamic 
make[1]: Leaving directory '/home/samuel/cnerg/SetupScripts/MOAB/bld/CMakeFiles/CMakeTmp'

Source file was:
int main() { return 0; }
Performing C++ SOURCE FILE Test MOAB_HAVE_FLAG_Wextra succeeded with the following output:
Change Dir: /home/samuel/cnerg/SetupScripts/MOAB/bld/CMakeFiles/CMakeTmp

Run Build Command:"/usr/bin/make" "cmTC_6feda/fast"
/usr/bin/make -f CMakeFiles/cmTC_6feda.dir/build.make CMakeFiles/cmTC_6feda.dir/build
make[1]: Entering directory '/home/samuel/cnerg/SetupScripts/MOAB/bld/CMakeFiles/CMakeTmp'
Building CXX object CMakeFiles/cmTC_6feda.dir/src.cxx.o
/usr/bin/c++     -DMOAB_HAVE_FLAG_Wextra   -Wextra -o CMakeFiles/cmTC_6feda.dir/src.cxx.o -c /home/samuel/cnerg/SetupScripts/MOAB/bld/CMakeFiles/CMakeTmp/src.cxx
Linking CXX executable cmTC_6feda
/usr/bin/cmake -E cmake_link_script CMakeFiles/cmTC_6feda.dir/link.txt --verbose=1
/usr/bin/c++    -DMOAB_HAVE_FLAG_Wextra    CMakeFiles/cmTC_6feda.dir/src.cxx.o  -o cmTC_6feda -rdynamic 
make[1]: Leaving directory '/home/samuel/cnerg/SetupScripts/MOAB/bld/CMakeFiles/CMakeTmp'

Source file was:
int main() { return 0; }
Performing C++ SOURCE FILE Test MOAB_HAVE_FLAG_Wno_cast_align succeeded with the following output:
Change Dir: /home/samuel/cnerg/SetupScripts/MOAB/bld/CMakeFiles/CMakeTmp

Run Build Command:"/usr/bin/make" "cmTC_cfe7e/fast"
/usr/bin/make -f CMakeFiles/cmTC_cfe7e.dir/build.make CMakeFiles/cmTC_cfe7e.dir/build
make[1]: Entering directory '/home/samuel/cnerg/SetupScripts/MOAB/bld/CMakeFiles/CMakeTmp'
Building CXX object CMakeFiles/cmTC_cfe7e.dir/src.cxx.o
/usr/bin/c++     -DMOAB_HAVE_FLAG_Wno_cast_align   -Wno-cast-align -o CMakeFiles/cmTC_cfe7e.dir/src.cxx.o -c /home/samuel/cnerg/SetupScripts/MOAB/bld/CMakeFiles/CMakeTmp/src.cxx
Linking CXX executable cmTC_cfe7e
/usr/bin/cmake -E cmake_link_script CMakeFiles/cmTC_cfe7e.dir/link.txt --verbose=1
/usr/bin/c++    -DMOAB_HAVE_FLAG_Wno_cast_align    CMakeFiles/cmTC_cfe7e.dir/src.cxx.o  -o cmTC_cfe7e -rdynamic 
make[1]: Leaving directory '/home/samuel/cnerg/SetupScripts/MOAB/bld/CMakeFiles/CMakeTmp'

Source file was:
int main() { return 0; }
Performing C++ SOURCE FILE Test MOAB_HAVE_FLAG_Wsign_compare succeeded with the following output:
Change Dir: /home/samuel/cnerg/SetupScripts/MOAB/bld/CMakeFiles/CMakeTmp

Run Build Command:"/usr/bin/make" "cmTC_ecbfd/fast"
/usr/bin/make -f CMakeFiles/cmTC_ecbfd.dir/build.make CMakeFiles/cmTC_ecbfd.dir/build
make[1]: Entering directory '/home/samuel/cnerg/SetupScripts/MOAB/bld/CMakeFiles/CMakeTmp'
Building CXX object CMakeFiles/cmTC_ecbfd.dir/src.cxx.o
/usr/bin/c++     -DMOAB_HAVE_FLAG_Wsign_compare   -Wsign-compare -o CMakeFiles/cmTC_ecbfd.dir/src.cxx.o -c /home/samuel/cnerg/SetupScripts/MOAB/bld/CMakeFiles/CMakeTmp/src.cxx
Linking CXX executable cmTC_ecbfd
/usr/bin/cmake -E cmake_link_script CMakeFiles/cmTC_ecbfd.dir/link.txt --verbose=1
/usr/bin/c++    -DMOAB_HAVE_FLAG_Wsign_compare    CMakeFiles/cmTC_ecbfd.dir/src.cxx.o  -o cmTC_ecbfd -rdynamic 
make[1]: Leaving directory '/home/samuel/cnerg/SetupScripts/MOAB/bld/CMakeFiles/CMakeTmp'

Source file was:
int main() { return 0; }
Performing C++ SOURCE FILE Test MOAB_HAVE_FLAG_Wpointer_arith succeeded with the following output:
Change Dir: /home/samuel/cnerg/SetupScripts/MOAB/bld/CMakeFiles/CMakeTmp

Run Build Command:"/usr/bin/make" "cmTC_a17bc/fast"
/usr/bin/make -f CMakeFiles/cmTC_a17bc.dir/build.make CMakeFiles/cmTC_a17bc.dir/build
make[1]: Entering directory '/home/samuel/cnerg/SetupScripts/MOAB/bld/CMakeFiles/CMakeTmp'
Building CXX object CMakeFiles/cmTC_a17bc.dir/src.cxx.o
/usr/bin/c++     -DMOAB_HAVE_FLAG_Wpointer_arith   -Wpointer-arith -o CMakeFiles/cmTC_a17bc.dir/src.cxx.o -c /home/samuel/cnerg/SetupScripts/MOAB/bld/CMakeFiles/CMakeTmp/src.cxx
Linking CXX executable cmTC_a17bc
/usr/bin/cmake -E cmake_link_script CMakeFiles/cmTC_a17bc.dir/link.txt --verbose=1
/usr/bin/c++    -DMOAB_HAVE_FLAG_Wpointer_arith    CMakeFiles/cmTC_a17bc.dir/src.cxx.o  -o cmTC_a17bc -rdynamic 
make[1]: Leaving directory '/home/samuel/cnerg/SetupScripts/MOAB/bld/CMakeFiles/CMakeTmp'

Source file was:
int main() { return 0; }
Performing C++ SOURCE FILE Test MOAB_HAVE_FLAG_Wformat succeeded with the following output:
Change Dir: /home/samuel/cnerg/SetupScripts/MOAB/bld/CMakeFiles/CMakeTmp

Run Build Command:"/usr/bin/make" "cmTC_a84ad/fast"
/usr/bin/make -f CMakeFiles/cmTC_a84ad.dir/build.make CMakeFiles/cmTC_a84ad.dir/build
make[1]: Entering directory '/home/samuel/cnerg/SetupScripts/MOAB/bld/CMakeFiles/CMakeTmp'
Building CXX object CMakeFiles/cmTC_a84ad.dir/src.cxx.o
/usr/bin/c++     -DMOAB_HAVE_FLAG_Wformat   -Wformat -o CMakeFiles/cmTC_a84ad.dir/src.cxx.o -c /home/samuel/cnerg/SetupScripts/MOAB/bld/CMakeFiles/CMakeTmp/src.cxx
Linking CXX executable cmTC_a84ad
/usr/bin/cmake -E cmake_link_script CMakeFiles/cmTC_a84ad.dir/link.txt --verbose=1
/usr/bin/c++    -DMOAB_HAVE_FLAG_Wformat    CMakeFiles/cmTC_a84ad.dir/src.cxx.o  -o cmTC_a84ad -rdynamic 
make[1]: Leaving directory '/home/samuel/cnerg/SetupScripts/MOAB/bld/CMakeFiles/CMakeTmp'

Source file was:
int main() { return 0; }
Performing C++ SOURCE FILE Test MOAB_HAVE_FLAG_Wformat_security succeeded with the following output:
Change Dir: /home/samuel/cnerg/SetupScripts/MOAB/bld/CMakeFiles/CMakeTmp

Run Build Command:"/usr/bin/make" "cmTC_d2d43/fast"
/usr/bin/make -f CMakeFiles/cmTC_d2d43.dir/build.make CMakeFiles/cmTC_d2d43.dir/build
make[1]: Entering directory '/home/samuel/cnerg/SetupScripts/MOAB/bld/CMakeFiles/CMakeTmp'
Building CXX object CMakeFiles/cmTC_d2d43.dir/src.cxx.o
/usr/bin/c++     -DMOAB_HAVE_FLAG_Wformat_security   -Wformat-security -o CMakeFiles/cmTC_d2d43.dir/src.cxx.o -c /home/samuel/cnerg/SetupScripts/MOAB/bld/CMakeFiles/CMakeTmp/src.cxx
Linking CXX executable cmTC_d2d43
/usr/bin/cmake -E cmake_link_script CMakeFiles/cmTC_d2d43.dir/link.txt --verbose=1
/usr/bin/c++    -DMOAB_HAVE_FLAG_Wformat_security    CMakeFiles/cmTC_d2d43.dir/src.cxx.o  -o cmTC_d2d43 -rdynamic 
make[1]: Leaving directory '/home/samuel/cnerg/SetupScripts/MOAB/bld/CMakeFiles/CMakeTmp'

Source file was:
int main() { return 0; }
Performing C++ SOURCE FILE Test MOAB_HAVE_FLAG_Wunused_parameter succeeded with the following output:
Change Dir: /home/samuel/cnerg/SetupScripts/MOAB/bld/CMakeFiles/CMakeTmp

Run Build Command:"/usr/bin/make" "cmTC_ef3bb/fast"
/usr/bin/make -f CMakeFiles/cmTC_ef3bb.dir/build.make CMakeFiles/cmTC_ef3bb.dir/build
make[1]: Entering directory '/home/samuel/cnerg/SetupScripts/MOAB/bld/CMakeFiles/CMakeTmp'
Building CXX object CMakeFiles/cmTC_ef3bb.dir/src.cxx.o
/usr/bin/c++     -DMOAB_HAVE_FLAG_Wunused_parameter   -Wunused-parameter -o CMakeFiles/cmTC_ef3bb.dir/src.cxx.o -c /home/samuel/cnerg/SetupScripts/MOAB/bld/CMakeFiles/CMakeTmp/src.cxx
Linking CXX executable cmTC_ef3bb
/usr/bin/cmake -E cmake_link_script CMakeFiles/cmTC_ef3bb.dir/link.txt --verbose=1
/usr/bin/c++    -DMOAB_HAVE_FLAG_Wunused_parameter    CMakeFiles/cmTC_ef3bb.dir/src.cxx.o  -o cmTC_ef3bb -rdynamic 
make[1]: Leaving directory '/home/samuel/cnerg/SetupScripts/MOAB/bld/CMakeFiles/CMakeTmp'

Source file was:
int main() { return 0; }
Performing C++ SOURCE FILE Test MOAB_HAVE_FLAG_fstack_protector_all succeeded with the following output:
Change Dir: /home/samuel/cnerg/SetupScripts/MOAB/bld/CMakeFiles/CMakeTmp

Run Build Command:"/usr/bin/make" "cmTC_06519/fast"
/usr/bin/make -f CMakeFiles/cmTC_06519.dir/build.make CMakeFiles/cmTC_06519.dir/build
make[1]: Entering directory '/home/samuel/cnerg/SetupScripts/MOAB/bld/CMakeFiles/CMakeTmp'
Building CXX object CMakeFiles/cmTC_06519.dir/src.cxx.o
/usr/bin/c++     -DMOAB_HAVE_FLAG_fstack_protector_all   -fstack-protector-all -o CMakeFiles/cmTC_06519.dir/src.cxx.o -c /home/samuel/cnerg/SetupScripts/MOAB/bld/CMakeFiles/CMakeTmp/src.cxx
Linking CXX executable cmTC_06519
/usr/bin/cmake -E cmake_link_script CMakeFiles/cmTC_06519.dir/link.txt --verbose=1
/usr/bin/c++    -DMOAB_HAVE_FLAG_fstack_protector_all    CMakeFiles/cmTC_06519.dir/src.cxx.o  -o cmTC_06519 -rdynamic 
make[1]: Leaving directory '/home/samuel/cnerg/SetupScripts/MOAB/bld/CMakeFiles/CMakeTmp'

Source file was:
int main() { return 0; }
Performing C++ SOURCE FILE Test MOAB_HAVE_FLAG_mtune=native succeeded with the following output:
Change Dir: /home/samuel/cnerg/SetupScripts/MOAB/bld/CMakeFiles/CMakeTmp

Run Build Command:"/usr/bin/make" "cmTC_9f320/fast"
/usr/bin/make -f CMakeFiles/cmTC_9f320.dir/build.make CMakeFiles/cmTC_9f320.dir/build
make[1]: Entering directory '/home/samuel/cnerg/SetupScripts/MOAB/bld/CMakeFiles/CMakeTmp'
Building CXX object CMakeFiles/cmTC_9f320.dir/src.cxx.o
/usr/bin/c++     -DMOAB_HAVE_FLAG_mtune=native   -mtune=native -o CMakeFiles/cmTC_9f320.dir/src.cxx.o -c /home/samuel/cnerg/SetupScripts/MOAB/bld/CMakeFiles/CMakeTmp/src.cxx
Linking CXX executable cmTC_9f320
/usr/bin/cmake -E cmake_link_script CMakeFiles/cmTC_9f320.dir/link.txt --verbose=1
/usr/bin/c++    -DMOAB_HAVE_FLAG_mtune=native    CMakeFiles/cmTC_9f320.dir/src.cxx.o  -o cmTC_9f320 -rdynamic 
make[1]: Leaving directory '/home/samuel/cnerg/SetupScripts/MOAB/bld/CMakeFiles/CMakeTmp'

Source file was:
int main() { return 0; }
Performing C++ SOURCE FILE Test MOAB_HAVE_FLAG_fpermissive succeeded with the following output:
Change Dir: /home/samuel/cnerg/SetupScripts/MOAB/bld/CMakeFiles/CMakeTmp

Run Build Command:"/usr/bin/make" "cmTC_bc228/fast"
/usr/bin/make -f CMakeFiles/cmTC_bc228.dir/build.make CMakeFiles/cmTC_bc228.dir/build
make[1]: Entering directory '/home/samuel/cnerg/SetupScripts/MOAB/bld/CMakeFiles/CMakeTmp'
Building CXX object CMakeFiles/cmTC_bc228.dir/src.cxx.o
/usr/bin/c++     -DMOAB_HAVE_FLAG_fpermissive   -fpermissive -o CMakeFiles/cmTC_bc228.dir/src.cxx.o -c /home/samuel/cnerg/SetupScripts/MOAB/bld/CMakeFiles/CMakeTmp/src.cxx
Linking CXX executable cmTC_bc228
/usr/bin/cmake -E cmake_link_script CMakeFiles/cmTC_bc228.dir/link.txt --verbose=1
/usr/bin/c++    -DMOAB_HAVE_FLAG_fpermissive    CMakeFiles/cmTC_bc228.dir/src.cxx.o  -o cmTC_bc228 -rdynamic 
make[1]: Leaving directory '/home/samuel/cnerg/SetupScripts/MOAB/bld/CMakeFiles/CMakeTmp'

Source file was:
int main() { return 0; }
Performing C++ SOURCE FILE Test MOAB_HAVE_FLAG_Wno_ignored_attributes succeeded with the following output:
Change Dir: /home/samuel/cnerg/SetupScripts/MOAB/bld/CMakeFiles/CMakeTmp

Run Build Command:"/usr/bin/make" "cmTC_08bb3/fast"
/usr/bin/make -f CMakeFiles/cmTC_08bb3.dir/build.make CMakeFiles/cmTC_08bb3.dir/build
make[1]: Entering directory '/home/samuel/cnerg/SetupScripts/MOAB/bld/CMakeFiles/CMakeTmp'
Building CXX object CMakeFiles/cmTC_08bb3.dir/src.cxx.o
/usr/bin/c++     -DMOAB_HAVE_FLAG_Wno_ignored_attributes   -Wno-ignored-attributes -o CMakeFiles/cmTC_08bb3.dir/src.cxx.o -c /home/samuel/cnerg/SetupScripts/MOAB/bld/CMakeFiles/CMakeTmp/src.cxx
Linking CXX executable cmTC_08bb3
/usr/bin/cmake -E cmake_link_script CMakeFiles/cmTC_08bb3.dir/link.txt --verbose=1
/usr/bin/c++    -DMOAB_HAVE_FLAG_Wno_ignored_attributes    CMakeFiles/cmTC_08bb3.dir/src.cxx.o  -o cmTC_08bb3 -rdynamic 
make[1]: Leaving directory '/home/samuel/cnerg/SetupScripts/MOAB/bld/CMakeFiles/CMakeTmp'

Source file was:
int main() { return 0; }
Performing C++ SOURCE FILE Test MOAB_HAVE_FLAG_Wno_variadic_macros succeeded with the following output:
Change Dir: /home/samuel/cnerg/SetupScripts/MOAB/bld/CMakeFiles/CMakeTmp

Run Build Command:"/usr/bin/make" "cmTC_2d256/fast"
/usr/bin/make -f CMakeFiles/cmTC_2d256.dir/build.make CMakeFiles/cmTC_2d256.dir/build
make[1]: Entering directory '/home/samuel/cnerg/SetupScripts/MOAB/bld/CMakeFiles/CMakeTmp'
Building CXX object CMakeFiles/cmTC_2d256.dir/src.cxx.o
/usr/bin/c++     -DMOAB_HAVE_FLAG_Wno_variadic_macros   -Wno-variadic-macros -o CMakeFiles/cmTC_2d256.dir/src.cxx.o -c /home/samuel/cnerg/SetupScripts/MOAB/bld/CMakeFiles/CMakeTmp/src.cxx
Linking CXX executable cmTC_2d256
/usr/bin/cmake -E cmake_link_script CMakeFiles/cmTC_2d256.dir/link.txt --verbose=1
/usr/bin/c++    -DMOAB_HAVE_FLAG_Wno_variadic_macros    CMakeFiles/cmTC_2d256.dir/src.cxx.o  -o cmTC_2d256 -rdynamic 
make[1]: Leaving directory '/home/samuel/cnerg/SetupScripts/MOAB/bld/CMakeFiles/CMakeTmp'

Source file was:
int main() { return 0; }
Performing C++ SOURCE FILE Test MOAB_HAVE_FLAG_Wno_deprecated_declarations succeeded with the following output:
Change Dir: /home/samuel/cnerg/SetupScripts/MOAB/bld/CMakeFiles/CMakeTmp

Run Build Command:"/usr/bin/make" "cmTC_1db1c/fast"
/usr/bin/make -f CMakeFiles/cmTC_1db1c.dir/build.make CMakeFiles/cmTC_1db1c.dir/build
make[1]: Entering directory '/home/samuel/cnerg/SetupScripts/MOAB/bld/CMakeFiles/CMakeTmp'
Building CXX object CMakeFiles/cmTC_1db1c.dir/src.cxx.o
/usr/bin/c++     -DMOAB_HAVE_FLAG_Wno_deprecated_declarations   -Wno-deprecated-declarations -o CMakeFiles/cmTC_1db1c.dir/src.cxx.o -c /home/samuel/cnerg/SetupScripts/MOAB/bld/CMakeFiles/CMakeTmp/src.cxx
Linking CXX executable cmTC_1db1c
/usr/bin/cmake -E cmake_link_script CMakeFiles/cmTC_1db1c.dir/link.txt --verbose=1
/usr/bin/c++    -DMOAB_HAVE_FLAG_Wno_deprecated_declarations    CMakeFiles/cmTC_1db1c.dir/src.cxx.o  -o cmTC_1db1c -rdynamic 
make[1]: Leaving directory '/home/samuel/cnerg/SetupScripts/MOAB/bld/CMakeFiles/CMakeTmp'

Source file was:
int main() { return 0; }
Performing C++ SOURCE FILE Test MOAB_HAVE_FLAG_Wno_unused_local_typedefs succeeded with the following output:
Change Dir: /home/samuel/cnerg/SetupScripts/MOAB/bld/CMakeFiles/CMakeTmp

Run Build Command:"/usr/bin/make" "cmTC_dfe81/fast"
/usr/bin/make -f CMakeFiles/cmTC_dfe81.dir/build.make CMakeFiles/cmTC_dfe81.dir/build
make[1]: Entering directory '/home/samuel/cnerg/SetupScripts/MOAB/bld/CMakeFiles/CMakeTmp'
Building CXX object CMakeFiles/cmTC_dfe81.dir/src.cxx.o
/usr/bin/c++     -DMOAB_HAVE_FLAG_Wno_unused_local_typedefs   -Wno-unused-local-typedefs -o CMakeFiles/cmTC_dfe81.dir/src.cxx.o -c /home/samuel/cnerg/SetupScripts/MOAB/bld/CMakeFiles/CMakeTmp/src.cxx
Linking CXX executable cmTC_dfe81
/usr/bin/cmake -E cmake_link_script CMakeFiles/cmTC_dfe81.dir/link.txt --verbose=1
/usr/bin/c++    -DMOAB_HAVE_FLAG_Wno_unused_local_typedefs    CMakeFiles/cmTC_dfe81.dir/src.cxx.o  -o cmTC_dfe81 -rdynamic 
make[1]: Leaving directory '/home/samuel/cnerg/SetupScripts/MOAB/bld/CMakeFiles/CMakeTmp'

Source file was:
int main() { return 0; }
